[2016-08-13 19:33:25] local.ERROR: Symfony\Component\Debug\Exception\FatalErrorException: Uncaught TypeError: Argument 1 passed to App\Exceptions\Handler::report() must be an instance of Exception, instance of Error given, called in C:\xampp\htdocs\nuevo repositorio\produccionmarroquineria\vendor\laravel\framework\src\Illuminate\Foundation\Bootstrap\HandleExceptions.php on line 73 and defined in C:\xampp\htdocs\nuevo repositorio\produccionmarroquineria\app\Exceptions\Handler.php:25
Stack trace:
#0 C:\xampp\htdocs\nuevo repositorio\produccionmarroquineria\vendor\laravel\framework\src\Illuminate\Foundation\Bootstrap\HandleExceptions.php(73): App\Exceptions\Handler->report(Object(Error))
#1 [internal function]: Illuminate\Foundation\Bootstrap\HandleExceptions->handleException(Object(Error))
#2 {main}
  thrown in C:\xampp\htdocs\nuevo repositorio\produccionmarroquineria\app\Exceptions\Handler.php:25
Stack trace:
#0 {main}  
[2016-08-13 19:33:51] local.ERROR: Symfony\Component\Debug\Exception\FatalErrorException: Uncaught TypeError: Argument 1 passed to App\Exceptions\Handler::report() must be an instance of Exception, instance of Error given, called in C:\xampp\htdocs\nuevo repositorio\produccionmarroquineria\vendor\laravel\framework\src\Illuminate\Foundation\Bootstrap\HandleExceptions.php on line 73 and defined in C:\xampp\htdocs\nuevo repositorio\produccionmarroquineria\app\Exceptions\Handler.php:25
Stack trace:
#0 C:\xampp\htdocs\nuevo repositorio\produccionmarroquineria\vendor\laravel\framework\src\Illuminate\Foundation\Bootstrap\HandleExceptions.php(73): App\Exceptions\Handler->report(Object(Error))
#1 [internal function]: Illuminate\Foundation\Bootstrap\HandleExceptions->handleException(Object(Error))
#2 {main}
  thrown in C:\xampp\htdocs\nuevo repositorio\produccionmarroquineria\app\Exceptions\Handler.php:25
Stack trace:
#0 {main}  
[2016-08-13 19:34:42] local.ERROR: ErrorException: Array to string conversion in C:\xampp\htdocs\nuevo repositorio\produccionmarroquineria\app\Http\Controllers\Administracion\EmpresaController.php:65
Stack trace:
#0 C:\xampp\htdocs\nuevo repositorio\produccionmarroquineria\app\Http\Controllers\Administracion\EmpresaController.php(65): Illuminate\Foundation\Bootstrap\HandleExceptions->handleError(8, 'Array to string...', 'C:\\xampp\\htdocs...', 65, Array)
#1 [internal function]: App\Http\Controllers\Administracion\EmpresaController->postCrear(Object(Illuminate\Http\Request))
#2 C:\xampp\htdocs\nuevo repositorio\produccionmarroquineria\vendor\laravel\framework\src\Illuminate\Routing\Controller.php(246): call_user_func_array(Array, Array)
#3 C:\xampp\htdocs\nuevo repositorio\produccionmarroquineria\vendor\laravel\framework\src\Illuminate\Routing\ControllerDispatcher.php(162): Illuminate\Routing\Controller->callAction('postCrear', Array)
#4 C:\xampp\htdocs\nuevo repositorio\produccionmarroquineria\vendor\laravel\framework\src\Illuminate\Routing\ControllerDispatcher.php(107): Illuminate\Routing\ControllerDispatcher->call(Object(App\Http\Controllers\Administracion\EmpresaController), Object(Illuminate\Routing\Route), 'postCrear')
#5 [internal function]: Illuminate\Routing\ControllerDispatcher->Illuminate\Routing\{closure}(Object(Illuminate\Http\Request))
#6 C:\xampp\htdocs\nuevo repositorio\produccionmarroquineria\vendor\laravel\framework\src\Illuminate\Pipeline\Pipeline.php(141): call_user_func(Object(Closure), Object(Illuminate\Http\Request))
#7 [internal function]: Illuminate\Pipeline\Pipeline->Illuminate\Pipeline\{closure}(Object(Illuminate\Http\Request))
#8 C:\xampp\htdocs\nuevo repositorio\produccionmarroquineria\vendor\laravel\framework\src\Illuminate\Pipeline\Pipeline.php(100): call_user_func(Object(Closure), Object(Illuminate\Http\Request))
#9 C:\xampp\htdocs\nuevo repositorio\produccionmarroquineria\vendor\laravel\framework\src\Illuminate\Routing\ControllerDispatcher.php(108): Illuminate\Pipeline\Pipeline->then(Object(Closure))
#10 C:\xampp\htdocs\nuevo repositorio\produccionmarroquineria\vendor\laravel\framework\src\Illuminate\Routing\ControllerDispatcher.php(65): Illuminate\Routing\ControllerDispatcher->callWithinStack(Object(App\Http\Controllers\Administracion\EmpresaController), Object(Illuminate\Routing\Route), Object(Illuminate\Http\Request), 'postCrear')
#11 C:\xampp\htdocs\nuevo repositorio\produccionmarroquineria\vendor\laravel\framework\src\Illuminate\Routing\Route.php(204): Illuminate\Routing\ControllerDispatcher->dispatch(Object(Illuminate\Routing\Route), Object(Illuminate\Http\Request), 'App\\Http\\Contro...', 'postCrear')
#12 C:\xampp\htdocs\nuevo repositorio\produccionmarroquineria\vendor\laravel\framework\src\Illuminate\Routing\Route.php(134): Illuminate\Routing\Route->runWithCustomDispatcher(Object(Illuminate\Http\Request))
#13 C:\xampp\htdocs\nuevo repositorio\produccionmarroquineria\vendor\laravel\framework\src\Illuminate\Routing\Router.php(701): Illuminate\Routing\Route->run(Object(Illuminate\Http\Request))
#14 [internal function]: Illuminate\Routing\Router->Illuminate\Routing\{closure}(Object(Illuminate\Http\Request))
#15 C:\xampp\htdocs\nuevo repositorio\produccionmarroquineria\vendor\laravel\framework\src\Illuminate\Pipeline\Pipeline.php(141): call_user_func(Object(Closure), Object(Illuminate\Http\Request))
#16 [internal function]: Illuminate\Pipeline\Pipeline->Illuminate\Pipeline\{closure}(Object(Illuminate\Http\Request))
#17 C:\xampp\htdocs\nuevo repositorio\produccionmarroquineria\vendor\laravel\framework\src\Illuminate\Pipeline\Pipeline.php(100): call_user_func(Object(Closure), Object(Illuminate\Http\Request))
#18 C:\xampp\htdocs\nuevo repositorio\produccionmarroquineria\vendor\laravel\framework\src\Illuminate\Routing\Router.php(703): Illuminate\Pipeline\Pipeline->then(Object(Closure))
#19 C:\xampp\htdocs\nuevo repositorio\produccionmarroquineria\vendor\laravel\framework\src\Illuminate\Routing\Router.php(668): Illuminate\Routing\Router->runRouteWithinStack(Object(Illuminate\Routing\Route), Object(Illuminate\Http\Request))
#20 C:\xampp\htdocs\nuevo repositorio\produccionmarroquineria\vendor\laravel\framework\src\Illuminate\Routing\Router.php(628): Illuminate\Routing\Router->dispatchToRoute(Object(Illuminate\Http\Request))
#21 C:\xampp\htdocs\nuevo repositorio\produccionmarroquineria\vendor\laravel\framework\src\Illuminate\Foundation\Http\Kernel.php(214): Illuminate\Routing\Router->dispatch(Object(Illuminate\Http\Request))
#22 [internal function]: Illuminate\Foundation\Http\Kernel->Illuminate\Foundation\Http\{closure}(Object(Illuminate\Http\Request))
#23 C:\xampp\htdocs\nuevo repositorio\produccionmarroquineria\vendor\laravel\framework\src\Illuminate\Pipeline\Pipeline.php(141): call_user_func(Object(Closure), Object(Illuminate\Http\Request))
#24 C:\xampp\htdocs\nuevo repositorio\produccionmarroquineria\vendor\laravel\framework\src\Illuminate\Foundation\Http\Middleware\VerifyCsrfToken.php(43): Illuminate\Pipeline\Pipeline->Illuminate\Pipeline\{closure}(Object(Illuminate\Http\Request))
#25 C:\xampp\htdocs\nuevo repositorio\produccionmarroquineria\app\Http\Middleware\VerifyCsrfToken.php(17): Illuminate\Foundation\Http\Middleware\VerifyCsrfToken->handle(Object(Illuminate\Http\Request), Object(Closure))
#26 C:\xampp\htdocs\nuevo repositorio\produccionmarroquineria\vendor\laravel\framework\src\Illuminate\Pipeline\Pipeline.php(125): App\Http\Middleware\VerifyCsrfToken->handle(Object(Illuminate\Http\Request), Object(Closure))
#27 C:\xampp\htdocs\nuevo repositorio\produccionmarroquineria\vendor\laravel\framework\src\Illuminate\View\Middleware\ShareErrorsFromSession.php(55): Illuminate\Pipeline\Pipeline->Illuminate\Pipeline\{closure}(Object(Illuminate\Http\Request))
#28 C:\xampp\htdocs\nuevo repositorio\produccionmarroquineria\vendor\laravel\framework\src\Illuminate\Pipeline\Pipeline.php(125): Illuminate\View\Middleware\ShareErrorsFromSession->handle(Object(Illuminate\Http\Request), Object(Closure))
#29 C:\xampp\htdocs\nuevo repositorio\produccionmarroquineria\vendor\laravel\framework\src\Illuminate\Session\Middleware\StartSession.php(61): Illuminate\Pipeline\Pipeline->Illuminate\Pipeline\{closure}(Object(Illuminate\Http\Request))
#30 C:\xampp\htdocs\nuevo repositorio\produccionmarroquineria\vendor\laravel\framework\src\Illuminate\Pipeline\Pipeline.php(125): Illuminate\Session\Middleware\StartSession->handle(Object(Illuminate\Http\Request), Object(Closure))
#31 C:\xampp\htdocs\nuevo repositorio\produccionmarroquineria\vendor\laravel\framework\src\Illuminate\Cookie\Middleware\AddQueuedCookiesToResponse.php(36): Illuminate\Pipeline\Pipeline->Illuminate\Pipeline\{closure}(Object(Illuminate\Http\Request))
#32 C:\xampp\htdocs\nuevo repositorio\produccionmarroquineria\vendor\laravel\framework\src\Illuminate\Pipeline\Pipeline.php(125): Illuminate\Cookie\Middleware\AddQueuedCookiesToResponse->handle(Object(Illuminate\Http\Request), Object(Closure))
#33 C:\xampp\htdocs\nuevo repositorio\produccionmarroquineria\vendor\laravel\framework\src\Illuminate\Cookie\Middleware\EncryptCookies.php(40): Illuminate\Pipeline\Pipeline->Illuminate\Pipeline\{closure}(Object(Illuminate\Http\Request))
#34 C:\xampp\htdocs\nuevo repositorio\produccionmarroquineria\vendor\laravel\framework\src\Illuminate\Pipeline\Pipeline.php(125): Illuminate\Cookie\Middleware\EncryptCookies->handle(Object(Illuminate\Http\Request), Object(Closure))
#35 C:\xampp\htdocs\nuevo repositorio\produccionmarroquineria\vendor\laravel\framework\src\Illuminate\Foundation\Http\Middleware\CheckForMaintenanceMode.php(42): Illuminate\Pipeline\Pipeline->Illuminate\Pipeline\{closure}(Object(Illuminate\Http\Request))
#36 C:\xampp\htdocs\nuevo repositorio\produccionmarroquineria\vendor\laravel\framework\src\Illuminate\Pipeline\Pipeline.php(125): Illuminate\Foundation\Http\Middleware\CheckForMaintenanceMode->handle(Object(Illuminate\Http\Request), Object(Closure))
#37 [internal function]: Illuminate\Pipeline\Pipeline->Illuminate\Pipeline\{closure}(Object(Illuminate\Http\Request))
#38 C:\xampp\htdocs\nuevo repositorio\produccionmarroquineria\vendor\laravel\framework\src\Illuminate\Pipeline\Pipeline.php(100): call_user_func(Object(Closure), Object(Illuminate\Http\Request))
#39 C:\xampp\htdocs\nuevo repositorio\produccionmarroquineria\vendor\laravel\framework\src\Illuminate\Foundation\Http\Kernel.php(115): Illuminate\Pipeline\Pipeline->then(Object(Closure))
#40 C:\xampp\htdocs\nuevo repositorio\produccionmarroquineria\vendor\laravel\framework\src\Illuminate\Foundation\Http\Kernel.php(84): Illuminate\Foundation\Http\Kernel->sendRequestThroughRouter(Object(Illuminate\Http\Request))
#41 C:\xampp\htdocs\nuevo repositorio\produccionmarroquineria\public\index.php(52): Illuminate\Foundation\Http\Kernel->handle(Object(Illuminate\Http\Request))
#42 {main}  
[2016-08-13 19:39:01] local.ERROR: Symfony\Component\Debug\Exception\FatalErrorException: Uncaught TypeError: Argument 1 passed to App\Exceptions\Handler::report() must be an instance of Exception, instance of Error given, called in C:\xampp\htdocs\nuevo repositorio\produccionmarroquineria\vendor\laravel\framework\src\Illuminate\Foundation\Bootstrap\HandleExceptions.php on line 73 and defined in C:\xampp\htdocs\nuevo repositorio\produccionmarroquineria\app\Exceptions\Handler.php:25
Stack trace:
#0 C:\xampp\htdocs\nuevo repositorio\produccionmarroquineria\vendor\laravel\framework\src\Illuminate\Foundation\Bootstrap\HandleExceptions.php(73): App\Exceptions\Handler->report(Object(Error))
#1 [internal function]: Illuminate\Foundation\Bootstrap\HandleExceptions->handleException(Object(Error))
#2 {main}
  thrown in C:\xampp\htdocs\nuevo repositorio\produccionmarroquineria\app\Exceptions\Handler.php:25
Stack trace:
#0 {main}  
[2016-08-13 19:40:21] local.ERROR: Symfony\Component\Debug\Exception\FatalErrorException: Uncaught TypeError: Argument 1 passed to App\Exceptions\Handler::report() must be an instance of Exception, instance of Error given, called in C:\xampp\htdocs\nuevo repositorio\produccionmarroquineria\vendor\laravel\framework\src\Illuminate\Foundation\Bootstrap\HandleExceptions.php on line 73 and defined in C:\xampp\htdocs\nuevo repositorio\produccionmarroquineria\app\Exceptions\Handler.php:25
Stack trace:
#0 C:\xampp\htdocs\nuevo repositorio\produccionmarroquineria\vendor\laravel\framework\src\Illuminate\Foundation\Bootstrap\HandleExceptions.php(73): App\Exceptions\Handler->report(Object(Error))
#1 [internal function]: Illuminate\Foundation\Bootstrap\HandleExceptions->handleException(Object(Error))
#2 {main}
  thrown in C:\xampp\htdocs\nuevo repositorio\produccionmarroquineria\app\Exceptions\Handler.php:25
Stack trace:
#0 {main}  
[2016-08-13 19:40:52] local.ERROR: Symfony\Component\Debug\Exception\FatalErrorException: Uncaught TypeError: Argument 1 passed to App\Exceptions\Handler::report() must be an instance of Exception, instance of Error given, called in C:\xampp\htdocs\nuevo repositorio\produccionmarroquineria\vendor\laravel\framework\src\Illuminate\Foundation\Bootstrap\HandleExceptions.php on line 73 and defined in C:\xampp\htdocs\nuevo repositorio\produccionmarroquineria\app\Exceptions\Handler.php:25
Stack trace:
#0 C:\xampp\htdocs\nuevo repositorio\produccionmarroquineria\vendor\laravel\framework\src\Illuminate\Foundation\Bootstrap\HandleExceptions.php(73): App\Exceptions\Handler->report(Object(Error))
#1 [internal function]: Illuminate\Foundation\Bootstrap\HandleExceptions->handleException(Object(Error))
#2 {main}
  thrown in C:\xampp\htdocs\nuevo repositorio\produccionmarroquineria\app\Exceptions\Handler.php:25
Stack trace:
#0 {main}  
[2016-08-13 19:43:22] local.ERROR: ErrorException: Array to string conversion in C:\xampp\htdocs\nuevo repositorio\produccionmarroquineria\app\Http\Controllers\Administracion\EmpresaController.php:66
Stack trace:
#0 C:\xampp\htdocs\nuevo repositorio\produccionmarroquineria\app\Http\Controllers\Administracion\EmpresaController.php(66): Illuminate\Foundation\Bootstrap\HandleExceptions->handleError(8, 'Array to string...', 'C:\\xampp\\htdocs...', 66, Array)
#1 [internal function]: App\Http\Controllers\Administracion\EmpresaController->postCrear(Object(Illuminate\Http\Request))
#2 C:\xampp\htdocs\nuevo repositorio\produccionmarroquineria\vendor\laravel\framework\src\Illuminate\Routing\Controller.php(246): call_user_func_array(Array, Array)
#3 C:\xampp\htdocs\nuevo repositorio\produccionmarroquineria\vendor\laravel\framework\src\Illuminate\Routing\ControllerDispatcher.php(162): Illuminate\Routing\Controller->callAction('postCrear', Array)
#4 C:\xampp\htdocs\nuevo repositorio\produccionmarroquineria\vendor\laravel\framework\src\Illuminate\Routing\ControllerDispatcher.php(107): Illuminate\Routing\ControllerDispatcher->call(Object(App\Http\Controllers\Administracion\EmpresaController), Object(Illuminate\Routing\Route), 'postCrear')
#5 [internal function]: Illuminate\Routing\ControllerDispatcher->Illuminate\Routing\{closure}(Object(Illuminate\Http\Request))
#6 C:\xampp\htdocs\nuevo repositorio\produccionmarroquineria\vendor\laravel\framework\src\Illuminate\Pipeline\Pipeline.php(141): call_user_func(Object(Closure), Object(Illuminate\Http\Request))
#7 [internal function]: Illuminate\Pipeline\Pipeline->Illuminate\Pipeline\{closure}(Object(Illuminate\Http\Request))
#8 C:\xampp\htdocs\nuevo repositorio\produccionmarroquineria\vendor\laravel\framework\src\Illuminate\Pipeline\Pipeline.php(100): call_user_func(Object(Closure), Object(Illuminate\Http\Request))
#9 C:\xampp\htdocs\nuevo repositorio\produccionmarroquineria\vendor\laravel\framework\src\Illuminate\Routing\ControllerDispatcher.php(108): Illuminate\Pipeline\Pipeline->then(Object(Closure))
#10 C:\xampp\htdocs\nuevo repositorio\produccionmarroquineria\vendor\laravel\framework\src\Illuminate\Routing\ControllerDispatcher.php(65): Illuminate\Routing\ControllerDispatcher->callWithinStack(Object(App\Http\Controllers\Administracion\EmpresaController), Object(Illuminate\Routing\Route), Object(Illuminate\Http\Request), 'postCrear')
#11 C:\xampp\htdocs\nuevo repositorio\produccionmarroquineria\vendor\laravel\framework\src\Illuminate\Routing\Route.php(204): Illuminate\Routing\ControllerDispatcher->dispatch(Object(Illuminate\Routing\Route), Object(Illuminate\Http\Request), 'App\\Http\\Contro...', 'postCrear')
#12 C:\xampp\htdocs\nuevo repositorio\produccionmarroquineria\vendor\laravel\framework\src\Illuminate\Routing\Route.php(134): Illuminate\Routing\Route->runWithCustomDispatcher(Object(Illuminate\Http\Request))
#13 C:\xampp\htdocs\nuevo repositorio\produccionmarroquineria\vendor\laravel\framework\src\Illuminate\Routing\Router.php(701): Illuminate\Routing\Route->run(Object(Illuminate\Http\Request))
#14 [internal function]: Illuminate\Routing\Router->Illuminate\Routing\{closure}(Object(Illuminate\Http\Request))
#15 C:\xampp\htdocs\nuevo repositorio\produccionmarroquineria\vendor\laravel\framework\src\Illuminate\Pipeline\Pipeline.php(141): call_user_func(Object(Closure), Object(Illuminate\Http\Request))
#16 [internal function]: Illuminate\Pipeline\Pipeline->Illuminate\Pipeline\{closure}(Object(Illuminate\Http\Request))
#17 C:\xampp\htdocs\nuevo repositorio\produccionmarroquineria\vendor\laravel\framework\src\Illuminate\Pipeline\Pipeline.php(100): call_user_func(Object(Closure), Object(Illuminate\Http\Request))
#18 C:\xampp\htdocs\nuevo repositorio\produccionmarroquineria\vendor\laravel\framework\src\Illuminate\Routing\Router.php(703): Illuminate\Pipeline\Pipeline->then(Object(Closure))
#19 C:\xampp\htdocs\nuevo repositorio\produccionmarroquineria\vendor\laravel\framework\src\Illuminate\Routing\Router.php(668): Illuminate\Routing\Router->runRouteWithinStack(Object(Illuminate\Routing\Route), Object(Illuminate\Http\Request))
#20 C:\xampp\htdocs\nuevo repositorio\produccionmarroquineria\vendor\laravel\framework\src\Illuminate\Routing\Router.php(628): Illuminate\Routing\Router->dispatchToRoute(Object(Illuminate\Http\Request))
#21 C:\xampp\htdocs\nuevo repositorio\produccionmarroquineria\vendor\laravel\framework\src\Illuminate\Foundation\Http\Kernel.php(214): Illuminate\Routing\Router->dispatch(Object(Illuminate\Http\Request))
#22 [internal function]: Illuminate\Foundation\Http\Kernel->Illuminate\Foundation\Http\{closure}(Object(Illuminate\Http\Request))
#23 C:\xampp\htdocs\nuevo repositorio\produccionmarroquineria\vendor\laravel\framework\src\Illuminate\Pipeline\Pipeline.php(141): call_user_func(Object(Closure), Object(Illuminate\Http\Request))
#24 C:\xampp\htdocs\nuevo repositorio\produccionmarroquineria\vendor\laravel\framework\src\Illuminate\Foundation\Http\Middleware\VerifyCsrfToken.php(43): Illuminate\Pipeline\Pipeline->Illuminate\Pipeline\{closure}(Object(Illuminate\Http\Request))
#25 C:\xampp\htdocs\nuevo repositorio\produccionmarroquineria\app\Http\Middleware\VerifyCsrfToken.php(17): Illuminate\Foundation\Http\Middleware\VerifyCsrfToken->handle(Object(Illuminate\Http\Request), Object(Closure))
#26 C:\xampp\htdocs\nuevo repositorio\produccionmarroquineria\vendor\laravel\framework\src\Illuminate\Pipeline\Pipeline.php(125): App\Http\Middleware\VerifyCsrfToken->handle(Object(Illuminate\Http\Request), Object(Closure))
#27 C:\xampp\htdocs\nuevo repositorio\produccionmarroquineria\vendor\laravel\framework\src\Illuminate\View\Middleware\ShareErrorsFromSession.php(55): Illuminate\Pipeline\Pipeline->Illuminate\Pipeline\{closure}(Object(Illuminate\Http\Request))
#28 C:\xampp\htdocs\nuevo repositorio\produccionmarroquineria\vendor\laravel\framework\src\Illuminate\Pipeline\Pipeline.php(125): Illuminate\View\Middleware\ShareErrorsFromSession->handle(Object(Illuminate\Http\Request), Object(Closure))
#29 C:\xampp\htdocs\nuevo repositorio\produccionmarroquineria\vendor\laravel\framework\src\Illuminate\Session\Middleware\StartSession.php(61): Illuminate\Pipeline\Pipeline->Illuminate\Pipeline\{closure}(Object(Illuminate\Http\Request))
#30 C:\xampp\htdocs\nuevo repositorio\produccionmarroquineria\vendor\laravel\framework\src\Illuminate\Pipeline\Pipeline.php(125): Illuminate\Session\Middleware\StartSession->handle(Object(Illuminate\Http\Request), Object(Closure))
#31 C:\xampp\htdocs\nuevo repositorio\produccionmarroquineria\vendor\laravel\framework\src\Illuminate\Cookie\Middleware\AddQueuedCookiesToResponse.php(36): Illuminate\Pipeline\Pipeline->Illuminate\Pipeline\{closure}(Object(Illuminate\Http\Request))
#32 C:\xampp\htdocs\nuevo repositorio\produccionmarroquineria\vendor\laravel\framework\src\Illuminate\Pipeline\Pipeline.php(125): Illuminate\Cookie\Middleware\AddQueuedCookiesToResponse->handle(Object(Illuminate\Http\Request), Object(Closure))
#33 C:\xampp\htdocs\nuevo repositorio\produccionmarroquineria\vendor\laravel\framework\src\Illuminate\Cookie\Middleware\EncryptCookies.php(40): Illuminate\Pipeline\Pipeline->Illuminate\Pipeline\{closure}(Object(Illuminate\Http\Request))
#34 C:\xampp\htdocs\nuevo repositorio\produccionmarroquineria\vendor\laravel\framework\src\Illuminate\Pipeline\Pipeline.php(125): Illuminate\Cookie\Middleware\EncryptCookies->handle(Object(Illuminate\Http\Request), Object(Closure))
#35 C:\xampp\htdocs\nuevo repositorio\produccionmarroquineria\vendor\laravel\framework\src\Illuminate\Foundation\Http\Middleware\CheckForMaintenanceMode.php(42): Illuminate\Pipeline\Pipeline->Illuminate\Pipeline\{closure}(Object(Illuminate\Http\Request))
#36 C:\xampp\htdocs\nuevo repositorio\produccionmarroquineria\vendor\laravel\framework\src\Illuminate\Pipeline\Pipeline.php(125): Illuminate\Foundation\Http\Middleware\CheckForMaintenanceMode->handle(Object(Illuminate\Http\Request), Object(Closure))
#37 [internal function]: Illuminate\Pipeline\Pipeline->Illuminate\Pipeline\{closure}(Object(Illuminate\Http\Request))
#38 C:\xampp\htdocs\nuevo repositorio\produccionmarroquineria\vendor\laravel\framework\src\Illuminate\Pipeline\Pipeline.php(100): call_user_func(Object(Closure), Object(Illuminate\Http\Request))
#39 C:\xampp\htdocs\nuevo repositorio\produccionmarroquineria\vendor\laravel\framework\src\Illuminate\Foundation\Http\Kernel.php(115): Illuminate\Pipeline\Pipeline->then(Object(Closure))
#40 C:\xampp\htdocs\nuevo repositorio\produccionmarroquineria\vendor\laravel\framework\src\Illuminate\Foundation\Http\Kernel.php(84): Illuminate\Foundation\Http\Kernel->sendRequestThroughRouter(Object(Illuminate\Http\Request))
#41 C:\xampp\htdocs\nuevo repositorio\produccionmarroquineria\public\index.php(52): Illuminate\Foundation\Http\Kernel->handle(Object(Illuminate\Http\Request))
#42 {main}  
[2016-08-13 19:47:43] local.ERROR: Symfony\Component\Debug\Exception\FatalErrorException: Uncaught TypeError: Argument 1 passed to App\Exceptions\Handler::report() must be an instance of Exception, instance of Error given, called in C:\xampp\htdocs\nuevo repositorio\produccionmarroquineria\vendor\laravel\framework\src\Illuminate\Foundation\Bootstrap\HandleExceptions.php on line 73 and defined in C:\xampp\htdocs\nuevo repositorio\produccionmarroquineria\app\Exceptions\Handler.php:25
Stack trace:
#0 C:\xampp\htdocs\nuevo repositorio\produccionmarroquineria\vendor\laravel\framework\src\Illuminate\Foundation\Bootstrap\HandleExceptions.php(73): App\Exceptions\Handler->report(Object(Error))
#1 [internal function]: Illuminate\Foundation\Bootstrap\HandleExceptions->handleException(Object(Error))
#2 {main}
  thrown in C:\xampp\htdocs\nuevo repositorio\produccionmarroquineria\app\Exceptions\Handler.php:25
Stack trace:
#0 {main}  
[2016-08-13 19:47:45] local.ERROR: Symfony\Component\Debug\Exception\FatalErrorException: Uncaught TypeError: Argument 1 passed to App\Exceptions\Handler::report() must be an instance of Exception, instance of Error given, called in C:\xampp\htdocs\nuevo repositorio\produccionmarroquineria\vendor\laravel\framework\src\Illuminate\Foundation\Bootstrap\HandleExceptions.php on line 73 and defined in C:\xampp\htdocs\nuevo repositorio\produccionmarroquineria\app\Exceptions\Handler.php:25
Stack trace:
#0 C:\xampp\htdocs\nuevo repositorio\produccionmarroquineria\vendor\laravel\framework\src\Illuminate\Foundation\Bootstrap\HandleExceptions.php(73): App\Exceptions\Handler->report(Object(Error))
#1 [internal function]: Illuminate\Foundation\Bootstrap\HandleExceptions->handleException(Object(Error))
#2 {main}
  thrown in C:\xampp\htdocs\nuevo repositorio\produccionmarroquineria\app\Exceptions\Handler.php:25
Stack trace:
#0 {main}  
[2016-08-13 19:48:31] local.ERROR: Symfony\Component\Debug\Exception\FatalErrorException: Uncaught TypeError: Argument 1 passed to App\Exceptions\Handler::report() must be an instance of Exception, instance of Error given, called in C:\xampp\htdocs\nuevo repositorio\produccionmarroquineria\vendor\laravel\framework\src\Illuminate\Foundation\Bootstrap\HandleExceptions.php on line 73 and defined in C:\xampp\htdocs\nuevo repositorio\produccionmarroquineria\app\Exceptions\Handler.php:25
Stack trace:
#0 C:\xampp\htdocs\nuevo repositorio\produccionmarroquineria\vendor\laravel\framework\src\Illuminate\Foundation\Bootstrap\HandleExceptions.php(73): App\Exceptions\Handler->report(Object(Error))
#1 [internal function]: Illuminate\Foundation\Bootstrap\HandleExceptions->handleException(Object(Error))
#2 {main}
  thrown in C:\xampp\htdocs\nuevo repositorio\produccionmarroquineria\app\Exceptions\Handler.php:25
Stack trace:
#0 {main}  
[2016-08-13 19:50:55] local.ERROR: Symfony\Component\Debug\Exception\FatalErrorException: Uncaught TypeError: Argument 1 passed to App\Exceptions\Handler::report() must be an instance of Exception, instance of Error given, called in C:\xampp\htdocs\nuevo repositorio\produccionmarroquineria\vendor\laravel\framework\src\Illuminate\Foundation\Bootstrap\HandleExceptions.php on line 73 and defined in C:\xampp\htdocs\nuevo repositorio\produccionmarroquineria\app\Exceptions\Handler.php:25
Stack trace:
#0 C:\xampp\htdocs\nuevo repositorio\produccionmarroquineria\vendor\laravel\framework\src\Illuminate\Foundation\Bootstrap\HandleExceptions.php(73): App\Exceptions\Handler->report(Object(Error))
#1 [internal function]: Illuminate\Foundation\Bootstrap\HandleExceptions->handleException(Object(Error))
#2 {main}
  thrown in C:\xampp\htdocs\nuevo repositorio\produccionmarroquineria\app\Exceptions\Handler.php:25
Stack trace:
#0 {main}  
[2016-08-13 20:00:31] local.ERROR: ErrorException: Undefined property: stdClass::$emp_Nit in C:\xampp\htdocs\nuevo repositorio\produccionmarroquineria\storage\framework\views\156190a084be71c06a6610e38d13f709:42
Stack trace:
#0 C:\xampp\htdocs\nuevo repositorio\produccionmarroquineria\storage\framework\views\156190a084be71c06a6610e38d13f709(42): Illuminate\Foundation\Bootstrap\HandleExceptions->handleError(8, 'Undefined prope...', 'C:\\xampp\\htdocs...', 42, Array)
#1 C:\xampp\htdocs\nuevo repositorio\produccionmarroquineria\vendor\laravel\framework\src\Illuminate\View\Engines\PhpEngine.php(39): include('C:\\xampp\\htdocs...')
#2 C:\xampp\htdocs\nuevo repositorio\produccionmarroquineria\vendor\laravel\framework\src\Illuminate\View\Engines\CompilerEngine.php(57): Illuminate\View\Engines\PhpEngine->evaluatePath('C:\\xampp\\htdocs...', Array)
#3 C:\xampp\htdocs\nuevo repositorio\produccionmarroquineria\vendor\laravel\framework\src\Illuminate\View\View.php(142): Illuminate\View\Engines\CompilerEngine->get('C:\\xampp\\htdocs...', Array)
#4 C:\xampp\htdocs\nuevo repositorio\produccionmarroquineria\vendor\laravel\framework\src\Illuminate\View\View.php(111): Illuminate\View\View->getContents()
#5 C:\xampp\htdocs\nuevo repositorio\produccionmarroquineria\vendor\laravel\framework\src\Illuminate\View\View.php(80): Illuminate\View\View->renderContents()
#6 C:\xampp\htdocs\nuevo repositorio\produccionmarroquineria\vendor\laravel\framework\src\Illuminate\Http\Response.php(44): Illuminate\View\View->render()
#7 C:\xampp\htdocs\nuevo repositorio\produccionmarroquineria\vendor\symfony\http-foundation\Symfony\Component\HttpFoundation\Response.php(202): Illuminate\Http\Response->setContent(Object(Illuminate\View\View))
#8 C:\xampp\htdocs\nuevo repositorio\produccionmarroquineria\vendor\laravel\framework\src\Illuminate\Routing\Router.php(1198): Symfony\Component\HttpFoundation\Response->__construct(Object(Illuminate\View\View))
#9 C:\xampp\htdocs\nuevo repositorio\produccionmarroquineria\vendor\laravel\framework\src\Illuminate\Routing\Router.php(701): Illuminate\Routing\Router->prepareResponse(Object(Illuminate\Http\Request), Object(Illuminate\View\View))
#10 [internal function]: Illuminate\Routing\Router->Illuminate\Routing\{closure}(Object(Illuminate\Http\Request))
#11 C:\xampp\htdocs\nuevo repositorio\produccionmarroquineria\vendor\laravel\framework\src\Illuminate\Pipeline\Pipeline.php(141): call_user_func(Object(Closure), Object(Illuminate\Http\Request))
#12 [internal function]: Illuminate\Pipeline\Pipeline->Illuminate\Pipeline\{closure}(Object(Illuminate\Http\Request))
#13 C:\xampp\htdocs\nuevo repositorio\produccionmarroquineria\vendor\laravel\framework\src\Illuminate\Pipeline\Pipeline.php(100): call_user_func(Object(Closure), Object(Illuminate\Http\Request))
#14 C:\xampp\htdocs\nuevo repositorio\produccionmarroquineria\vendor\laravel\framework\src\Illuminate\Routing\Router.php(703): Illuminate\Pipeline\Pipeline->then(Object(Closure))
#15 C:\xampp\htdocs\nuevo repositorio\produccionmarroquineria\vendor\laravel\framework\src\Illuminate\Routing\Router.php(668): Illuminate\Routing\Router->runRouteWithinStack(Object(Illuminate\Routing\Route), Object(Illuminate\Http\Request))
#16 C:\xampp\htdocs\nuevo repositorio\produccionmarroquineria\vendor\laravel\framework\src\Illuminate\Routing\Router.php(628): Illuminate\Routing\Router->dispatchToRoute(Object(Illuminate\Http\Request))
#17 C:\xampp\htdocs\nuevo repositorio\produccionmarroquineria\vendor\laravel\framework\src\Illuminate\Foundation\Http\Kernel.php(214): Illuminate\Routing\Router->dispatch(Object(Illuminate\Http\Request))
#18 [internal function]: Illuminate\Foundation\Http\Kernel->Illuminate\Foundation\Http\{closure}(Object(Illuminate\Http\Request))
#19 C:\xampp\htdocs\nuevo repositorio\produccionmarroquineria\vendor\laravel\framework\src\Illuminate\Pipeline\Pipeline.php(141): call_user_func(Object(Closure), Object(Illuminate\Http\Request))
#20 C:\xampp\htdocs\nuevo repositorio\produccionmarroquineria\vendor\laravel\framework\src\Illuminate\Foundation\Http\Middleware\VerifyCsrfToken.php(43): Illuminate\Pipeline\Pipeline->Illuminate\Pipeline\{closure}(Object(Illuminate\Http\Request))
#21 C:\xampp\htdocs\nuevo repositorio\produccionmarroquineria\app\Http\Middleware\VerifyCsrfToken.php(17): Illuminate\Foundation\Http\Middleware\VerifyCsrfToken->handle(Object(Illuminate\Http\Request), Object(Closure))
#22 C:\xampp\htdocs\nuevo repositorio\produccionmarroquineria\vendor\laravel\framework\src\Illuminate\Pipeline\Pipeline.php(125): App\Http\Middleware\VerifyCsrfToken->handle(Object(Illuminate\Http\Request), Object(Closure))
#23 C:\xampp\htdocs\nuevo repositorio\produccionmarroquineria\vendor\laravel\framework\src\Illuminate\View\Middleware\ShareErrorsFromSession.php(55): Illuminate\Pipeline\Pipeline->Illuminate\Pipeline\{closure}(Object(Illuminate\Http\Request))
#24 C:\xampp\htdocs\nuevo repositorio\produccionmarroquineria\vendor\laravel\framework\src\Illuminate\Pipeline\Pipeline.php(125): Illuminate\View\Middleware\ShareErrorsFromSession->handle(Object(Illuminate\Http\Request), Object(Closure))
#25 C:\xampp\htdocs\nuevo repositorio\produccionmarroquineria\vendor\laravel\framework\src\Illuminate\Session\Middleware\StartSession.php(61): Illuminate\Pipeline\Pipeline->Illuminate\Pipeline\{closure}(Object(Illuminate\Http\Request))
#26 C:\xampp\htdocs\nuevo repositorio\produccionmarroquineria\vendor\laravel\framework\src\Illuminate\Pipeline\Pipeline.php(125): Illuminate\Session\Middleware\StartSession->handle(Object(Illuminate\Http\Request), Object(Closure))
#27 C:\xampp\htdocs\nuevo repositorio\produccionmarroquineria\vendor\laravel\framework\src\Illuminate\Cookie\Middleware\AddQueuedCookiesToResponse.php(36): Illuminate\Pipeline\Pipeline->Illuminate\Pipeline\{closure}(Object(Illuminate\Http\Request))
#28 C:\xampp\htdocs\nuevo repositorio\produccionmarroquineria\vendor\laravel\framework\src\Illuminate\Pipeline\Pipeline.php(125): Illuminate\Cookie\Middleware\AddQueuedCookiesToResponse->handle(Object(Illuminate\Http\Request), Object(Closure))
#29 C:\xampp\htdocs\nuevo repositorio\produccionmarroquineria\vendor\laravel\framework\src\Illuminate\Cookie\Middleware\EncryptCookies.php(40): Illuminate\Pipeline\Pipeline->Illuminate\Pipeline\{closure}(Object(Illuminate\Http\Request))
#30 C:\xampp\htdocs\nuevo repositorio\produccionmarroquineria\vendor\laravel\framework\src\Illuminate\Pipeline\Pipeline.php(125): Illuminate\Cookie\Middleware\EncryptCookies->handle(Object(Illuminate\Http\Request), Object(Closure))
#31 C:\xampp\htdocs\nuevo repositorio\produccionmarroquineria\vendor\laravel\framework\src\Illuminate\Foundation\Http\Middleware\CheckForMaintenanceMode.php(42): Illuminate\Pipeline\Pipeline->Illuminate\Pipeline\{closure}(Object(Illuminate\Http\Request))
#32 C:\xampp\htdocs\nuevo repositorio\produccionmarroquineria\vendor\laravel\framework\src\Illuminate\Pipeline\Pipeline.php(125): Illuminate\Foundation\Http\Middleware\CheckForMaintenanceMode->handle(Object(Illuminate\Http\Request), Object(Closure))
#33 [internal function]: Illuminate\Pipeline\Pipeline->Illuminate\Pipeline\{closure}(Object(Illuminate\Http\Request))
#34 C:\xampp\htdocs\nuevo repositorio\produccionmarroquineria\vendor\laravel\framework\src\Illuminate\Pipeline\Pipeline.php(100): call_user_func(Object(Closure), Object(Illuminate\Http\Request))
#35 C:\xampp\htdocs\nuevo repositorio\produccionmarroquineria\vendor\laravel\framework\src\Illuminate\Foundation\Http\Kernel.php(115): Illuminate\Pipeline\Pipeline->then(Object(Closure))
#36 C:\xampp\htdocs\nuevo repositorio\produccionmarroquineria\vendor\laravel\framework\src\Illuminate\Foundation\Http\Kernel.php(84): Illuminate\Foundation\Http\Kernel->sendRequestThroughRouter(Object(Illuminate\Http\Request))
#37 C:\xampp\htdocs\nuevo repositorio\produccionmarroquineria\public\index.php(52): Illuminate\Foundation\Http\Kernel->handle(Object(Illuminate\Http\Request))
#38 {main}

Next ErrorException: Undefined property: stdClass::$emp_Nit (View: C:\xampp\htdocs\nuevo repositorio\produccionmarroquineria\resources\views\Modulos\Administracion\empresa\listar.blade.php) in C:\xampp\htdocs\nuevo repositorio\produccionmarroquineria\storage\framework\views\156190a084be71c06a6610e38d13f709:42
Stack trace:
#0 C:\xampp\htdocs\nuevo repositorio\produccionmarroquineria\vendor\laravel\framework\src\Illuminate\View\Engines\PhpEngine.php(43): Illuminate\View\Engines\CompilerEngine->handleViewException(Object(ErrorException), 1)
#1 C:\xampp\htdocs\nuevo repositorio\produccionmarroquineria\vendor\laravel\framework\src\Illuminate\View\Engines\CompilerEngine.php(57): Illuminate\View\Engines\PhpEngine->evaluatePath('C:\\xampp\\htdocs...', Array)
#2 C:\xampp\htdocs\nuevo repositorio\produccionmarroquineria\vendor\laravel\framework\src\Illuminate\View\View.php(142): Illuminate\View\Engines\CompilerEngine->get('C:\\xampp\\htdocs...', Array)
#3 C:\xampp\htdocs\nuevo repositorio\produccionmarroquineria\vendor\laravel\framework\src\Illuminate\View\View.php(111): Illuminate\View\View->getContents()
#4 C:\xampp\htdocs\nuevo repositorio\produccionmarroquineria\vendor\laravel\framework\src\Illuminate\View\View.php(80): Illuminate\View\View->renderContents()
#5 C:\xampp\htdocs\nuevo repositorio\produccionmarroquineria\vendor\laravel\framework\src\Illuminate\Http\Response.php(44): Illuminate\View\View->render()
#6 C:\xampp\htdocs\nuevo repositorio\produccionmarroquineria\vendor\symfony\http-foundation\Symfony\Component\HttpFoundation\Response.php(202): Illuminate\Http\Response->setContent(Object(Illuminate\View\View))
#7 C:\xampp\htdocs\nuevo repositorio\produccionmarroquineria\vendor\laravel\framework\src\Illuminate\Routing\Router.php(1198): Symfony\Component\HttpFoundation\Response->__construct(Object(Illuminate\View\View))
#8 C:\xampp\htdocs\nuevo repositorio\produccionmarroquineria\vendor\laravel\framework\src\Illuminate\Routing\Router.php(701): Illuminate\Routing\Router->prepareResponse(Object(Illuminate\Http\Request), Object(Illuminate\View\View))
#9 [internal function]: Illuminate\Routing\Router->Illuminate\Routing\{closure}(Object(Illuminate\Http\Request))
#10 C:\xampp\htdocs\nuevo repositorio\produccionmarroquineria\vendor\laravel\framework\src\Illuminate\Pipeline\Pipeline.php(141): call_user_func(Object(Closure), Object(Illuminate\Http\Request))
#11 [internal function]: Illuminate\Pipeline\Pipeline->Illuminate\Pipeline\{closure}(Object(Illuminate\Http\Request))
#12 C:\xampp\htdocs\nuevo repositorio\produccionmarroquineria\vendor\laravel\framework\src\Illuminate\Pipeline\Pipeline.php(100): call_user_func(Object(Closure), Object(Illuminate\Http\Request))
#13 C:\xampp\htdocs\nuevo repositorio\produccionmarroquineria\vendor\laravel\framework\src\Illuminate\Routing\Router.php(703): Illuminate\Pipeline\Pipeline->then(Object(Closure))
#14 C:\xampp\htdocs\nuevo repositorio\produccionmarroquineria\vendor\laravel\framework\src\Illuminate\Routing\Router.php(668): Illuminate\Routing\Router->runRouteWithinStack(Object(Illuminate\Routing\Route), Object(Illuminate\Http\Request))
#15 C:\xampp\htdocs\nuevo repositorio\produccionmarroquineria\vendor\laravel\framework\src\Illuminate\Routing\Router.php(628): Illuminate\Routing\Router->dispatchToRoute(Object(Illuminate\Http\Request))
#16 C:\xampp\htdocs\nuevo repositorio\produccionmarroquineria\vendor\laravel\framework\src\Illuminate\Foundation\Http\Kernel.php(214): Illuminate\Routing\Router->dispatch(Object(Illuminate\Http\Request))
#17 [internal function]: Illuminate\Foundation\Http\Kernel->Illuminate\Foundation\Http\{closure}(Object(Illuminate\Http\Request))
#18 C:\xampp\htdocs\nuevo repositorio\produccionmarroquineria\vendor\laravel\framework\src\Illuminate\Pipeline\Pipeline.php(141): call_user_func(Object(Closure), Object(Illuminate\Http\Request))
#19 C:\xampp\htdocs\nuevo repositorio\produccionmarroquineria\vendor\laravel\framework\src\Illuminate\Foundation\Http\Middleware\VerifyCsrfToken.php(43): Illuminate\Pipeline\Pipeline->Illuminate\Pipeline\{closure}(Object(Illuminate\Http\Request))
#20 C:\xampp\htdocs\nuevo repositorio\produccionmarroquineria\app\Http\Middleware\VerifyCsrfToken.php(17): Illuminate\Foundation\Http\Middleware\VerifyCsrfToken->handle(Object(Illuminate\Http\Request), Object(Closure))
#21 C:\xampp\htdocs\nuevo repositorio\produccionmarroquineria\vendor\laravel\framework\src\Illuminate\Pipeline\Pipeline.php(125): App\Http\Middleware\VerifyCsrfToken->handle(Object(Illuminate\Http\Request), Object(Closure))
#22 C:\xampp\htdocs\nuevo repositorio\produccionmarroquineria\vendor\laravel\framework\src\Illuminate\View\Middleware\ShareErrorsFromSession.php(55): Illuminate\Pipeline\Pipeline->Illuminate\Pipeline\{closure}(Object(Illuminate\Http\Request))
#23 C:\xampp\htdocs\nuevo repositorio\produccionmarroquineria\vendor\laravel\framework\src\Illuminate\Pipeline\Pipeline.php(125): Illuminate\View\Middleware\ShareErrorsFromSession->handle(Object(Illuminate\Http\Request), Object(Closure))
#24 C:\xampp\htdocs\nuevo repositorio\produccionmarroquineria\vendor\laravel\framework\src\Illuminate\Session\Middleware\StartSession.php(61): Illuminate\Pipeline\Pipeline->Illuminate\Pipeline\{closure}(Object(Illuminate\Http\Request))
#25 C:\xampp\htdocs\nuevo repositorio\produccionmarroquineria\vendor\laravel\framework\src\Illuminate\Pipeline\Pipeline.php(125): Illuminate\Session\Middleware\StartSession->handle(Object(Illuminate\Http\Request), Object(Closure))
#26 C:\xampp\htdocs\nuevo repositorio\produccionmarroquineria\vendor\laravel\framework\src\Illuminate\Cookie\Middleware\AddQueuedCookiesToResponse.php(36): Illuminate\Pipeline\Pipeline->Illuminate\Pipeline\{closure}(Object(Illuminate\Http\Request))
#27 C:\xampp\htdocs\nuevo repositorio\produccionmarroquineria\vendor\laravel\framework\src\Illuminate\Pipeline\Pipeline.php(125): Illuminate\Cookie\Middleware\AddQueuedCookiesToResponse->handle(Object(Illuminate\Http\Request), Object(Closure))
#28 C:\xampp\htdocs\nuevo repositorio\produccionmarroquineria\vendor\laravel\framework\src\Illuminate\Cookie\Middleware\EncryptCookies.php(40): Illuminate\Pipeline\Pipeline->Illuminate\Pipeline\{closure}(Object(Illuminate\Http\Request))
#29 C:\xampp\htdocs\nuevo repositorio\produccionmarroquineria\vendor\laravel\framework\src\Illuminate\Pipeline\Pipeline.php(125): Illuminate\Cookie\Middleware\EncryptCookies->handle(Object(Illuminate\Http\Request), Object(Closure))
#30 C:\xampp\htdocs\nuevo repositorio\produccionmarroquineria\vendor\laravel\framework\src\Illuminate\Foundation\Http\Middleware\CheckForMaintenanceMode.php(42): Illuminate\Pipeline\Pipeline->Illuminate\Pipeline\{closure}(Object(Illuminate\Http\Request))
#31 C:\xampp\htdocs\nuevo repositorio\produccionmarroquineria\vendor\laravel\framework\src\Illuminate\Pipeline\Pipeline.php(125): Illuminate\Foundation\Http\Middleware\CheckForMaintenanceMode->handle(Object(Illuminate\Http\Request), Object(Closure))
#32 [internal function]: Illuminate\Pipeline\Pipeline->Illuminate\Pipeline\{closure}(Object(Illuminate\Http\Request))
#33 C:\xampp\htdocs\nuevo repositorio\produccionmarroquineria\vendor\laravel\framework\src\Illuminate\Pipeline\Pipeline.php(100): call_user_func(Object(Closure), Object(Illuminate\Http\Request))
#34 C:\xampp\htdocs\nuevo repositorio\produccionmarroquineria\vendor\laravel\framework\src\Illuminate\Foundation\Http\Kernel.php(115): Illuminate\Pipeline\Pipeline->then(Object(Closure))
#35 C:\xampp\htdocs\nuevo repositorio\produccionmarroquineria\vendor\laravel\framework\src\Illuminate\Foundation\Http\Kernel.php(84): Illuminate\Foundation\Http\Kernel->sendRequestThroughRouter(Object(Illuminate\Http\Request))
#36 C:\xampp\htdocs\nuevo repositorio\produccionmarroquineria\public\index.php(52): Illuminate\Foundation\Http\Kernel->handle(Object(Illuminate\Http\Request))
#37 {main}  
