[2016-08-06 05:16:20] local.ERROR: ErrorException: include(C:\xampp\htdocs\nuevo repositorio\produccionmarroquineria/app/Http/Controllers/Auth/AuthController.php): failed to open stream: No such file or directory in C:\xampp\htdocs\nuevo repositorio\produccionmarroquineria\vendor\composer\ClassLoader.php:412
Stack trace:
#0 C:\xampp\htdocs\nuevo repositorio\produccionmarroquineria\vendor\composer\ClassLoader.php(412): Illuminate\Foundation\Bootstrap\HandleExceptions->handleError(2, 'include(C:\\xamp...', 'C:\\xampp\\htdocs...', 412, Array)
#1 C:\xampp\htdocs\nuevo repositorio\produccionmarroquineria\vendor\composer\ClassLoader.php(412): include()
#2 C:\xampp\htdocs\nuevo repositorio\produccionmarroquineria\vendor\composer\ClassLoader.php(301): Composer\Autoload\includeFile('C:\\xampp\\htdocs...')
#3 [internal function]: Composer\Autoload\ClassLoader->loadClass('App\\Http\\Contro...')
#4 [internal function]: spl_autoload_call('App\\Http\\Contro...')
#5 C:\xampp\htdocs\nuevo repositorio\produccionmarroquineria\vendor\laravel\framework\src\Illuminate\Routing\ControllerInspector.php(29): ReflectionClass->__construct('App\\Http\\Contro...')
#6 C:\xampp\htdocs\nuevo repositorio\produccionmarroquineria\vendor\laravel\framework\src\Illuminate\Routing\Router.php(251): Illuminate\Routing\ControllerInspector->getRoutable('App\\Http\\Contro...', 'auth')
#7 C:\xampp\htdocs\nuevo repositorio\produccionmarroquineria\vendor\laravel\framework\src\Illuminate\Routing\Router.php(226): Illuminate\Routing\Router->controller('auth', 'Auth\\AuthContro...')
#8 C:\xampp\htdocs\nuevo repositorio\produccionmarroquineria\vendor\laravel\framework\src\Illuminate\Support\Facades\Facade.php(210): Illuminate\Routing\Router->controllers(Array)
#9 C:\xampp\htdocs\nuevo repositorio\produccionmarroquineria\app\Http\routes.php(20): Illuminate\Support\Facades\Facade::__callStatic('controllers', Array)
#10 C:\xampp\htdocs\nuevo repositorio\produccionmarroquineria\app\Providers\RouteServiceProvider.php(40): require('C:\\xampp\\htdocs...')
#11 [internal function]: App\Providers\RouteServiceProvider->App\Providers\{closure}(Object(Illuminate\Routing\Router))
#12 C:\xampp\htdocs\nuevo repositorio\produccionmarroquineria\vendor\laravel\framework\src\Illuminate\Routing\Router.php(352): call_user_func(Object(Closure), Object(Illuminate\Routing\Router))
#13 C:\xampp\htdocs\nuevo repositorio\produccionmarroquineria\app\Providers\RouteServiceProvider.php(41): Illuminate\Routing\Router->group(Array, Object(Closure))
#14 [internal function]: App\Providers\RouteServiceProvider->map(Object(Illuminate\Routing\Router))
#15 C:\xampp\htdocs\nuevo repositorio\produccionmarroquineria\vendor\laravel\framework\src\Illuminate\Container\Container.php(526): call_user_func_array(Array, Array)
#16 C:\xampp\htdocs\nuevo repositorio\produccionmarroquineria\vendor\laravel\framework\src\Illuminate\Foundation\Support\Providers\RouteServiceProvider.php(68): Illuminate\Container\Container->call(Array)
#17 C:\xampp\htdocs\nuevo repositorio\produccionmarroquineria\vendor\laravel\framework\src\Illuminate\Foundation\Support\Providers\RouteServiceProvider.php(31): Illuminate\Foundation\Support\Providers\RouteServiceProvider->loadRoutes()
#18 C:\xampp\htdocs\nuevo repositorio\produccionmarroquineria\app\Providers\RouteServiceProvider.php(25): Illuminate\Foundation\Support\Providers\RouteServiceProvider->boot(Object(Illuminate\Routing\Router))
#19 [internal function]: App\Providers\RouteServiceProvider->boot(Object(Illuminate\Routing\Router))
#20 C:\xampp\htdocs\nuevo repositorio\produccionmarroquineria\vendor\laravel\framework\src\Illuminate\Container\Container.php(526): call_user_func_array(Array, Array)
#21 C:\xampp\htdocs\nuevo repositorio\produccionmarroquineria\vendor\laravel\framework\src\Illuminate\Foundation\Application.php(703): Illuminate\Container\Container->call(Array)
#22 C:\xampp\htdocs\nuevo repositorio\produccionmarroquineria\vendor\laravel\framework\src\Illuminate\Foundation\Application.php(685): Illuminate\Foundation\Application->bootProvider(Object(App\Providers\RouteServiceProvider))
#23 [internal function]: Illuminate\Foundation\Application->Illuminate\Foundation\{closure}(Object(App\Providers\RouteServiceProvider), 19)
#24 C:\xampp\htdocs\nuevo repositorio\produccionmarroquineria\vendor\laravel\framework\src\Illuminate\Foundation\Application.php(686): array_walk(Array, Object(Closure))
#25 C:\xampp\htdocs\nuevo repositorio\produccionmarroquineria\vendor\laravel\framework\src\Illuminate\Foundation\Bootstrap\BootProviders.php(15): Illuminate\Foundation\Application->boot()
#26 C:\xampp\htdocs\nuevo repositorio\produccionmarroquineria\vendor\laravel\framework\src\Illuminate\Foundation\Application.php(183): Illuminate\Foundation\Bootstrap\BootProviders->bootstrap(Object(Illuminate\Foundation\Application))
#27 C:\xampp\htdocs\nuevo repositorio\produccionmarroquineria\vendor\laravel\framework\src\Illuminate\Foundation\Http\Kernel.php(199): Illuminate\Foundation\Application->bootstrapWith(Array)
#28 C:\xampp\htdocs\nuevo repositorio\produccionmarroquineria\vendor\laravel\framework\src\Illuminate\Foundation\Http\Kernel.php(110): Illuminate\Foundation\Http\Kernel->bootstrap()
#29 C:\xampp\htdocs\nuevo repositorio\produccionmarroquineria\vendor\laravel\framework\src\Illuminate\Foundation\Http\Kernel.php(84): Illuminate\Foundation\Http\Kernel->sendRequestThroughRouter(Object(Illuminate\Http\Request))
#30 C:\xampp\htdocs\nuevo repositorio\produccionmarroquineria\public\index.php(52): Illuminate\Foundation\Http\Kernel->handle(Object(Illuminate\Http\Request))
#31 {main}  
[2016-08-06 05:16:21] local.ERROR: ErrorException: include(C:\xampp\htdocs\nuevo repositorio\produccionmarroquineria/app/Http/Middleware/VerifyCsrfToken.php): failed to open stream: No such file or directory in C:\xampp\htdocs\nuevo repositorio\produccionmarroquineria\vendor\composer\ClassLoader.php:412
Stack trace:
#0 C:\xampp\htdocs\nuevo repositorio\produccionmarroquineria\vendor\composer\ClassLoader.php(412): Illuminate\Foundation\Bootstrap\HandleExceptions->handleError(2, 'include(C:\\xamp...', 'C:\\xampp\\htdocs...', 412, Array)
#1 C:\xampp\htdocs\nuevo repositorio\produccionmarroquineria\vendor\composer\ClassLoader.php(412): include()
#2 C:\xampp\htdocs\nuevo repositorio\produccionmarroquineria\vendor\composer\ClassLoader.php(301): Composer\Autoload\includeFile('C:\\xampp\\htdocs...')
#3 [internal function]: Composer\Autoload\ClassLoader->loadClass('App\\Http\\Middle...')
#4 [internal function]: spl_autoload_call('App\\Http\\Middle...')
#5 C:\xampp\htdocs\nuevo repositorio\produccionmarroquineria\vendor\laravel\framework\src\Illuminate\Container\Container.php(779): ReflectionClass->__construct('App\\Http\\Middle...')
#6 C:\xampp\htdocs\nuevo repositorio\produccionmarroquineria\vendor\laravel\framework\src\Illuminate\Container\Container.php(659): Illuminate\Container\Container->build('App\\Http\\Middle...', Array)
#7 C:\xampp\htdocs\nuevo repositorio\produccionmarroquineria\vendor\laravel\framework\src\Illuminate\Foundation\Application.php(644): Illuminate\Container\Container->make('App\\Http\\Middle...', Array)
#8 C:\xampp\htdocs\nuevo repositorio\produccionmarroquineria\vendor\laravel\framework\src\Illuminate\Foundation\Http\Kernel.php(131): Illuminate\Foundation\Application->make('App\\Http\\Middle...')
#9 C:\xampp\htdocs\nuevo repositorio\produccionmarroquineria\public\index.php(57): Illuminate\Foundation\Http\Kernel->terminate(Object(Illuminate\Http\Request), Object(Symfony\Component\HttpFoundation\Response))
#10 {main}  
[2016-08-06 05:16:25] local.ERROR: ErrorException: include(C:\xampp\htdocs\nuevo repositorio\produccionmarroquineria/app/Http/Controllers/Auth/AuthController.php): failed to open stream: No such file or directory in C:\xampp\htdocs\nuevo repositorio\produccionmarroquineria\vendor\composer\ClassLoader.php:412
Stack trace:
#0 C:\xampp\htdocs\nuevo repositorio\produccionmarroquineria\vendor\composer\ClassLoader.php(412): Illuminate\Foundation\Bootstrap\HandleExceptions->handleError(2, 'include(C:\\xamp...', 'C:\\xampp\\htdocs...', 412, Array)
#1 C:\xampp\htdocs\nuevo repositorio\produccionmarroquineria\vendor\composer\ClassLoader.php(412): include()
#2 C:\xampp\htdocs\nuevo repositorio\produccionmarroquineria\vendor\composer\ClassLoader.php(301): Composer\Autoload\includeFile('C:\\xampp\\htdocs...')
#3 [internal function]: Composer\Autoload\ClassLoader->loadClass('App\\Http\\Contro...')
#4 [internal function]: spl_autoload_call('App\\Http\\Contro...')
#5 C:\xampp\htdocs\nuevo repositorio\produccionmarroquineria\vendor\laravel\framework\src\Illuminate\Routing\ControllerInspector.php(29): ReflectionClass->__construct('App\\Http\\Contro...')
#6 C:\xampp\htdocs\nuevo repositorio\produccionmarroquineria\vendor\laravel\framework\src\Illuminate\Routing\Router.php(251): Illuminate\Routing\ControllerInspector->getRoutable('App\\Http\\Contro...', 'auth')
#7 C:\xampp\htdocs\nuevo repositorio\produccionmarroquineria\vendor\laravel\framework\src\Illuminate\Routing\Router.php(226): Illuminate\Routing\Router->controller('auth', 'Auth\\AuthContro...')
#8 C:\xampp\htdocs\nuevo repositorio\produccionmarroquineria\vendor\laravel\framework\src\Illuminate\Support\Facades\Facade.php(210): Illuminate\Routing\Router->controllers(Array)
#9 C:\xampp\htdocs\nuevo repositorio\produccionmarroquineria\app\Http\routes.php(20): Illuminate\Support\Facades\Facade::__callStatic('controllers', Array)
#10 C:\xampp\htdocs\nuevo repositorio\produccionmarroquineria\app\Providers\RouteServiceProvider.php(40): require('C:\\xampp\\htdocs...')
#11 [internal function]: App\Providers\RouteServiceProvider->App\Providers\{closure}(Object(Illuminate\Routing\Router))
#12 C:\xampp\htdocs\nuevo repositorio\produccionmarroquineria\vendor\laravel\framework\src\Illuminate\Routing\Router.php(352): call_user_func(Object(Closure), Object(Illuminate\Routing\Router))
#13 C:\xampp\htdocs\nuevo repositorio\produccionmarroquineria\app\Providers\RouteServiceProvider.php(41): Illuminate\Routing\Router->group(Array, Object(Closure))
#14 [internal function]: App\Providers\RouteServiceProvider->map(Object(Illuminate\Routing\Router))
#15 C:\xampp\htdocs\nuevo repositorio\produccionmarroquineria\vendor\laravel\framework\src\Illuminate\Container\Container.php(526): call_user_func_array(Array, Array)
#16 C:\xampp\htdocs\nuevo repositorio\produccionmarroquineria\vendor\laravel\framework\src\Illuminate\Foundation\Support\Providers\RouteServiceProvider.php(68): Illuminate\Container\Container->call(Array)
#17 C:\xampp\htdocs\nuevo repositorio\produccionmarroquineria\vendor\laravel\framework\src\Illuminate\Foundation\Support\Providers\RouteServiceProvider.php(31): Illuminate\Foundation\Support\Providers\RouteServiceProvider->loadRoutes()
#18 C:\xampp\htdocs\nuevo repositorio\produccionmarroquineria\app\Providers\RouteServiceProvider.php(25): Illuminate\Foundation\Support\Providers\RouteServiceProvider->boot(Object(Illuminate\Routing\Router))
#19 [internal function]: App\Providers\RouteServiceProvider->boot(Object(Illuminate\Routing\Router))
#20 C:\xampp\htdocs\nuevo repositorio\produccionmarroquineria\vendor\laravel\framework\src\Illuminate\Container\Container.php(526): call_user_func_array(Array, Array)
#21 C:\xampp\htdocs\nuevo repositorio\produccionmarroquineria\vendor\laravel\framework\src\Illuminate\Foundation\Application.php(703): Illuminate\Container\Container->call(Array)
#22 C:\xampp\htdocs\nuevo repositorio\produccionmarroquineria\vendor\laravel\framework\src\Illuminate\Foundation\Application.php(685): Illuminate\Foundation\Application->bootProvider(Object(App\Providers\RouteServiceProvider))
#23 [internal function]: Illuminate\Foundation\Application->Illuminate\Foundation\{closure}(Object(App\Providers\RouteServiceProvider), 19)
#24 C:\xampp\htdocs\nuevo repositorio\produccionmarroquineria\vendor\laravel\framework\src\Illuminate\Foundation\Application.php(686): array_walk(Array, Object(Closure))
#25 C:\xampp\htdocs\nuevo repositorio\produccionmarroquineria\vendor\laravel\framework\src\Illuminate\Foundation\Bootstrap\BootProviders.php(15): Illuminate\Foundation\Application->boot()
#26 C:\xampp\htdocs\nuevo repositorio\produccionmarroquineria\vendor\laravel\framework\src\Illuminate\Foundation\Application.php(183): Illuminate\Foundation\Bootstrap\BootProviders->bootstrap(Object(Illuminate\Foundation\Application))
#27 C:\xampp\htdocs\nuevo repositorio\produccionmarroquineria\vendor\laravel\framework\src\Illuminate\Foundation\Http\Kernel.php(199): Illuminate\Foundation\Application->bootstrapWith(Array)
#28 C:\xampp\htdocs\nuevo repositorio\produccionmarroquineria\vendor\laravel\framework\src\Illuminate\Foundation\Http\Kernel.php(110): Illuminate\Foundation\Http\Kernel->bootstrap()
#29 C:\xampp\htdocs\nuevo repositorio\produccionmarroquineria\vendor\laravel\framework\src\Illuminate\Foundation\Http\Kernel.php(84): Illuminate\Foundation\Http\Kernel->sendRequestThroughRouter(Object(Illuminate\Http\Request))
#30 C:\xampp\htdocs\nuevo repositorio\produccionmarroquineria\public\index.php(52): Illuminate\Foundation\Http\Kernel->handle(Object(Illuminate\Http\Request))
#31 {main}  
[2016-08-06 05:16:25] local.ERROR: ErrorException: include(C:\xampp\htdocs\nuevo repositorio\produccionmarroquineria/app/Http/Middleware/VerifyCsrfToken.php): failed to open stream: No such file or directory in C:\xampp\htdocs\nuevo repositorio\produccionmarroquineria\vendor\composer\ClassLoader.php:412
Stack trace:
#0 C:\xampp\htdocs\nuevo repositorio\produccionmarroquineria\vendor\composer\ClassLoader.php(412): Illuminate\Foundation\Bootstrap\HandleExceptions->handleError(2, 'include(C:\\xamp...', 'C:\\xampp\\htdocs...', 412, Array)
#1 C:\xampp\htdocs\nuevo repositorio\produccionmarroquineria\vendor\composer\ClassLoader.php(412): include()
#2 C:\xampp\htdocs\nuevo repositorio\produccionmarroquineria\vendor\composer\ClassLoader.php(301): Composer\Autoload\includeFile('C:\\xampp\\htdocs...')
#3 [internal function]: Composer\Autoload\ClassLoader->loadClass('App\\Http\\Middle...')
#4 [internal function]: spl_autoload_call('App\\Http\\Middle...')
#5 C:\xampp\htdocs\nuevo repositorio\produccionmarroquineria\vendor\laravel\framework\src\Illuminate\Container\Container.php(779): ReflectionClass->__construct('App\\Http\\Middle...')
#6 C:\xampp\htdocs\nuevo repositorio\produccionmarroquineria\vendor\laravel\framework\src\Illuminate\Container\Container.php(659): Illuminate\Container\Container->build('App\\Http\\Middle...', Array)
#7 C:\xampp\htdocs\nuevo repositorio\produccionmarroquineria\vendor\laravel\framework\src\Illuminate\Foundation\Application.php(644): Illuminate\Container\Container->make('App\\Http\\Middle...', Array)
#8 C:\xampp\htdocs\nuevo repositorio\produccionmarroquineria\vendor\laravel\framework\src\Illuminate\Foundation\Http\Kernel.php(131): Illuminate\Foundation\Application->make('App\\Http\\Middle...')
#9 C:\xampp\htdocs\nuevo repositorio\produccionmarroquineria\public\index.php(57): Illuminate\Foundation\Http\Kernel->terminate(Object(Illuminate\Http\Request), Object(Symfony\Component\HttpFoundation\Response))
#10 {main}  
[2016-08-06 05:16:29] local.ERROR: ErrorException: include(C:\xampp\htdocs\nuevo repositorio\produccionmarroquineria/app/Http/Controllers/Auth/AuthController.php): failed to open stream: No such file or directory in C:\xampp\htdocs\nuevo repositorio\produccionmarroquineria\vendor\composer\ClassLoader.php:412
Stack trace:
#0 C:\xampp\htdocs\nuevo repositorio\produccionmarroquineria\vendor\composer\ClassLoader.php(412): Illuminate\Foundation\Bootstrap\HandleExceptions->handleError(2, 'include(C:\\xamp...', 'C:\\xampp\\htdocs...', 412, Array)
#1 C:\xampp\htdocs\nuevo repositorio\produccionmarroquineria\vendor\composer\ClassLoader.php(412): include()
#2 C:\xampp\htdocs\nuevo repositorio\produccionmarroquineria\vendor\composer\ClassLoader.php(301): Composer\Autoload\includeFile('C:\\xampp\\htdocs...')
#3 [internal function]: Composer\Autoload\ClassLoader->loadClass('App\\Http\\Contro...')
#4 [internal function]: spl_autoload_call('App\\Http\\Contro...')
#5 C:\xampp\htdocs\nuevo repositorio\produccionmarroquineria\vendor\laravel\framework\src\Illuminate\Routing\ControllerInspector.php(29): ReflectionClass->__construct('App\\Http\\Contro...')
#6 C:\xampp\htdocs\nuevo repositorio\produccionmarroquineria\vendor\laravel\framework\src\Illuminate\Routing\Router.php(251): Illuminate\Routing\ControllerInspector->getRoutable('App\\Http\\Contro...', 'auth')
#7 C:\xampp\htdocs\nuevo repositorio\produccionmarroquineria\vendor\laravel\framework\src\Illuminate\Routing\Router.php(226): Illuminate\Routing\Router->controller('auth', 'Auth\\AuthContro...')
#8 C:\xampp\htdocs\nuevo repositorio\produccionmarroquineria\vendor\laravel\framework\src\Illuminate\Support\Facades\Facade.php(210): Illuminate\Routing\Router->controllers(Array)
#9 C:\xampp\htdocs\nuevo repositorio\produccionmarroquineria\app\Http\routes.php(20): Illuminate\Support\Facades\Facade::__callStatic('controllers', Array)
#10 C:\xampp\htdocs\nuevo repositorio\produccionmarroquineria\app\Providers\RouteServiceProvider.php(40): require('C:\\xampp\\htdocs...')
#11 [internal function]: App\Providers\RouteServiceProvider->App\Providers\{closure}(Object(Illuminate\Routing\Router))
#12 C:\xampp\htdocs\nuevo repositorio\produccionmarroquineria\vendor\laravel\framework\src\Illuminate\Routing\Router.php(352): call_user_func(Object(Closure), Object(Illuminate\Routing\Router))
#13 C:\xampp\htdocs\nuevo repositorio\produccionmarroquineria\app\Providers\RouteServiceProvider.php(41): Illuminate\Routing\Router->group(Array, Object(Closure))
#14 [internal function]: App\Providers\RouteServiceProvider->map(Object(Illuminate\Routing\Router))
#15 C:\xampp\htdocs\nuevo repositorio\produccionmarroquineria\vendor\laravel\framework\src\Illuminate\Container\Container.php(526): call_user_func_array(Array, Array)
#16 C:\xampp\htdocs\nuevo repositorio\produccionmarroquineria\vendor\laravel\framework\src\Illuminate\Foundation\Support\Providers\RouteServiceProvider.php(68): Illuminate\Container\Container->call(Array)
#17 C:\xampp\htdocs\nuevo repositorio\produccionmarroquineria\vendor\laravel\framework\src\Illuminate\Foundation\Support\Providers\RouteServiceProvider.php(31): Illuminate\Foundation\Support\Providers\RouteServiceProvider->loadRoutes()
#18 C:\xampp\htdocs\nuevo repositorio\produccionmarroquineria\app\Providers\RouteServiceProvider.php(25): Illuminate\Foundation\Support\Providers\RouteServiceProvider->boot(Object(Illuminate\Routing\Router))
#19 [internal function]: App\Providers\RouteServiceProvider->boot(Object(Illuminate\Routing\Router))
#20 C:\xampp\htdocs\nuevo repositorio\produccionmarroquineria\vendor\laravel\framework\src\Illuminate\Container\Container.php(526): call_user_func_array(Array, Array)
#21 C:\xampp\htdocs\nuevo repositorio\produccionmarroquineria\vendor\laravel\framework\src\Illuminate\Foundation\Application.php(703): Illuminate\Container\Container->call(Array)
#22 C:\xampp\htdocs\nuevo repositorio\produccionmarroquineria\vendor\laravel\framework\src\Illuminate\Foundation\Application.php(685): Illuminate\Foundation\Application->bootProvider(Object(App\Providers\RouteServiceProvider))
#23 [internal function]: Illuminate\Foundation\Application->Illuminate\Foundation\{closure}(Object(App\Providers\RouteServiceProvider), 19)
#24 C:\xampp\htdocs\nuevo repositorio\produccionmarroquineria\vendor\laravel\framework\src\Illuminate\Foundation\Application.php(686): array_walk(Array, Object(Closure))
#25 C:\xampp\htdocs\nuevo repositorio\produccionmarroquineria\vendor\laravel\framework\src\Illuminate\Foundation\Bootstrap\BootProviders.php(15): Illuminate\Foundation\Application->boot()
#26 C:\xampp\htdocs\nuevo repositorio\produccionmarroquineria\vendor\laravel\framework\src\Illuminate\Foundation\Application.php(183): Illuminate\Foundation\Bootstrap\BootProviders->bootstrap(Object(Illuminate\Foundation\Application))
#27 C:\xampp\htdocs\nuevo repositorio\produccionmarroquineria\vendor\laravel\framework\src\Illuminate\Foundation\Http\Kernel.php(199): Illuminate\Foundation\Application->bootstrapWith(Array)
#28 C:\xampp\htdocs\nuevo repositorio\produccionmarroquineria\vendor\laravel\framework\src\Illuminate\Foundation\Http\Kernel.php(110): Illuminate\Foundation\Http\Kernel->bootstrap()
#29 C:\xampp\htdocs\nuevo repositorio\produccionmarroquineria\vendor\laravel\framework\src\Illuminate\Foundation\Http\Kernel.php(84): Illuminate\Foundation\Http\Kernel->sendRequestThroughRouter(Object(Illuminate\Http\Request))
#30 C:\xampp\htdocs\nuevo repositorio\produccionmarroquineria\public\index.php(52): Illuminate\Foundation\Http\Kernel->handle(Object(Illuminate\Http\Request))
#31 {main}  
[2016-08-06 05:16:29] local.ERROR: ErrorException: include(C:\xampp\htdocs\nuevo repositorio\produccionmarroquineria/app/Http/Middleware/VerifyCsrfToken.php): failed to open stream: No such file or directory in C:\xampp\htdocs\nuevo repositorio\produccionmarroquineria\vendor\composer\ClassLoader.php:412
Stack trace:
#0 C:\xampp\htdocs\nuevo repositorio\produccionmarroquineria\vendor\composer\ClassLoader.php(412): Illuminate\Foundation\Bootstrap\HandleExceptions->handleError(2, 'include(C:\\xamp...', 'C:\\xampp\\htdocs...', 412, Array)
#1 C:\xampp\htdocs\nuevo repositorio\produccionmarroquineria\vendor\composer\ClassLoader.php(412): include()
#2 C:\xampp\htdocs\nuevo repositorio\produccionmarroquineria\vendor\composer\ClassLoader.php(301): Composer\Autoload\includeFile('C:\\xampp\\htdocs...')
#3 [internal function]: Composer\Autoload\ClassLoader->loadClass('App\\Http\\Middle...')
#4 [internal function]: spl_autoload_call('App\\Http\\Middle...')
#5 C:\xampp\htdocs\nuevo repositorio\produccionmarroquineria\vendor\laravel\framework\src\Illuminate\Container\Container.php(779): ReflectionClass->__construct('App\\Http\\Middle...')
#6 C:\xampp\htdocs\nuevo repositorio\produccionmarroquineria\vendor\laravel\framework\src\Illuminate\Container\Container.php(659): Illuminate\Container\Container->build('App\\Http\\Middle...', Array)
#7 C:\xampp\htdocs\nuevo repositorio\produccionmarroquineria\vendor\laravel\framework\src\Illuminate\Foundation\Application.php(644): Illuminate\Container\Container->make('App\\Http\\Middle...', Array)
#8 C:\xampp\htdocs\nuevo repositorio\produccionmarroquineria\vendor\laravel\framework\src\Illuminate\Foundation\Http\Kernel.php(131): Illuminate\Foundation\Application->make('App\\Http\\Middle...')
#9 C:\xampp\htdocs\nuevo repositorio\produccionmarroquineria\public\index.php(57): Illuminate\Foundation\Http\Kernel->terminate(Object(Illuminate\Http\Request), Object(Symfony\Component\HttpFoundation\Response))
#10 {main}  
[2016-08-06 05:16:30] local.ERROR: ErrorException: include(C:\xampp\htdocs\nuevo repositorio\produccionmarroquineria/app/Http/Controllers/Auth/AuthController.php): failed to open stream: No such file or directory in C:\xampp\htdocs\nuevo repositorio\produccionmarroquineria\vendor\composer\ClassLoader.php:412
Stack trace:
#0 C:\xampp\htdocs\nuevo repositorio\produccionmarroquineria\vendor\composer\ClassLoader.php(412): Illuminate\Foundation\Bootstrap\HandleExceptions->handleError(2, 'include(C:\\xamp...', 'C:\\xampp\\htdocs...', 412, Array)
#1 C:\xampp\htdocs\nuevo repositorio\produccionmarroquineria\vendor\composer\ClassLoader.php(412): include()
#2 C:\xampp\htdocs\nuevo repositorio\produccionmarroquineria\vendor\composer\ClassLoader.php(301): Composer\Autoload\includeFile('C:\\xampp\\htdocs...')
#3 [internal function]: Composer\Autoload\ClassLoader->loadClass('App\\Http\\Contro...')
#4 [internal function]: spl_autoload_call('App\\Http\\Contro...')
#5 C:\xampp\htdocs\nuevo repositorio\produccionmarroquineria\vendor\laravel\framework\src\Illuminate\Routing\ControllerInspector.php(29): ReflectionClass->__construct('App\\Http\\Contro...')
#6 C:\xampp\htdocs\nuevo repositorio\produccionmarroquineria\vendor\laravel\framework\src\Illuminate\Routing\Router.php(251): Illuminate\Routing\ControllerInspector->getRoutable('App\\Http\\Contro...', 'auth')
#7 C:\xampp\htdocs\nuevo repositorio\produccionmarroquineria\vendor\laravel\framework\src\Illuminate\Routing\Router.php(226): Illuminate\Routing\Router->controller('auth', 'Auth\\AuthContro...')
#8 C:\xampp\htdocs\nuevo repositorio\produccionmarroquineria\vendor\laravel\framework\src\Illuminate\Support\Facades\Facade.php(210): Illuminate\Routing\Router->controllers(Array)
#9 C:\xampp\htdocs\nuevo repositorio\produccionmarroquineria\app\Http\routes.php(20): Illuminate\Support\Facades\Facade::__callStatic('controllers', Array)
#10 C:\xampp\htdocs\nuevo repositorio\produccionmarroquineria\app\Providers\RouteServiceProvider.php(40): require('C:\\xampp\\htdocs...')
#11 [internal function]: App\Providers\RouteServiceProvider->App\Providers\{closure}(Object(Illuminate\Routing\Router))
#12 C:\xampp\htdocs\nuevo repositorio\produccionmarroquineria\vendor\laravel\framework\src\Illuminate\Routing\Router.php(352): call_user_func(Object(Closure), Object(Illuminate\Routing\Router))
#13 C:\xampp\htdocs\nuevo repositorio\produccionmarroquineria\app\Providers\RouteServiceProvider.php(41): Illuminate\Routing\Router->group(Array, Object(Closure))
#14 [internal function]: App\Providers\RouteServiceProvider->map(Object(Illuminate\Routing\Router))
#15 C:\xampp\htdocs\nuevo repositorio\produccionmarroquineria\vendor\laravel\framework\src\Illuminate\Container\Container.php(526): call_user_func_array(Array, Array)
#16 C:\xampp\htdocs\nuevo repositorio\produccionmarroquineria\vendor\laravel\framework\src\Illuminate\Foundation\Support\Providers\RouteServiceProvider.php(68): Illuminate\Container\Container->call(Array)
#17 C:\xampp\htdocs\nuevo repositorio\produccionmarroquineria\vendor\laravel\framework\src\Illuminate\Foundation\Support\Providers\RouteServiceProvider.php(31): Illuminate\Foundation\Support\Providers\RouteServiceProvider->loadRoutes()
#18 C:\xampp\htdocs\nuevo repositorio\produccionmarroquineria\app\Providers\RouteServiceProvider.php(25): Illuminate\Foundation\Support\Providers\RouteServiceProvider->boot(Object(Illuminate\Routing\Router))
#19 [internal function]: App\Providers\RouteServiceProvider->boot(Object(Illuminate\Routing\Router))
#20 C:\xampp\htdocs\nuevo repositorio\produccionmarroquineria\vendor\laravel\framework\src\Illuminate\Container\Container.php(526): call_user_func_array(Array, Array)
#21 C:\xampp\htdocs\nuevo repositorio\produccionmarroquineria\vendor\laravel\framework\src\Illuminate\Foundation\Application.php(703): Illuminate\Container\Container->call(Array)
#22 C:\xampp\htdocs\nuevo repositorio\produccionmarroquineria\vendor\laravel\framework\src\Illuminate\Foundation\Application.php(685): Illuminate\Foundation\Application->bootProvider(Object(App\Providers\RouteServiceProvider))
#23 [internal function]: Illuminate\Foundation\Application->Illuminate\Foundation\{closure}(Object(App\Providers\RouteServiceProvider), 19)
#24 C:\xampp\htdocs\nuevo repositorio\produccionmarroquineria\vendor\laravel\framework\src\Illuminate\Foundation\Application.php(686): array_walk(Array, Object(Closure))
#25 C:\xampp\htdocs\nuevo repositorio\produccionmarroquineria\vendor\laravel\framework\src\Illuminate\Foundation\Bootstrap\BootProviders.php(15): Illuminate\Foundation\Application->boot()
#26 C:\xampp\htdocs\nuevo repositorio\produccionmarroquineria\vendor\laravel\framework\src\Illuminate\Foundation\Application.php(183): Illuminate\Foundation\Bootstrap\BootProviders->bootstrap(Object(Illuminate\Foundation\Application))
#27 C:\xampp\htdocs\nuevo repositorio\produccionmarroquineria\vendor\laravel\framework\src\Illuminate\Foundation\Http\Kernel.php(199): Illuminate\Foundation\Application->bootstrapWith(Array)
#28 C:\xampp\htdocs\nuevo repositorio\produccionmarroquineria\vendor\laravel\framework\src\Illuminate\Foundation\Http\Kernel.php(110): Illuminate\Foundation\Http\Kernel->bootstrap()
#29 C:\xampp\htdocs\nuevo repositorio\produccionmarroquineria\vendor\laravel\framework\src\Illuminate\Foundation\Http\Kernel.php(84): Illuminate\Foundation\Http\Kernel->sendRequestThroughRouter(Object(Illuminate\Http\Request))
#30 C:\xampp\htdocs\nuevo repositorio\produccionmarroquineria\public\index.php(52): Illuminate\Foundation\Http\Kernel->handle(Object(Illuminate\Http\Request))
#31 {main}  
[2016-08-06 05:16:30] local.ERROR: ErrorException: include(C:\xampp\htdocs\nuevo repositorio\produccionmarroquineria/app/Http/Middleware/VerifyCsrfToken.php): failed to open stream: No such file or directory in C:\xampp\htdocs\nuevo repositorio\produccionmarroquineria\vendor\composer\ClassLoader.php:412
Stack trace:
#0 C:\xampp\htdocs\nuevo repositorio\produccionmarroquineria\vendor\composer\ClassLoader.php(412): Illuminate\Foundation\Bootstrap\HandleExceptions->handleError(2, 'include(C:\\xamp...', 'C:\\xampp\\htdocs...', 412, Array)
#1 C:\xampp\htdocs\nuevo repositorio\produccionmarroquineria\vendor\composer\ClassLoader.php(412): include()
#2 C:\xampp\htdocs\nuevo repositorio\produccionmarroquineria\vendor\composer\ClassLoader.php(301): Composer\Autoload\includeFile('C:\\xampp\\htdocs...')
#3 [internal function]: Composer\Autoload\ClassLoader->loadClass('App\\Http\\Middle...')
#4 [internal function]: spl_autoload_call('App\\Http\\Middle...')
#5 C:\xampp\htdocs\nuevo repositorio\produccionmarroquineria\vendor\laravel\framework\src\Illuminate\Container\Container.php(779): ReflectionClass->__construct('App\\Http\\Middle...')
#6 C:\xampp\htdocs\nuevo repositorio\produccionmarroquineria\vendor\laravel\framework\src\Illuminate\Container\Container.php(659): Illuminate\Container\Container->build('App\\Http\\Middle...', Array)
#7 C:\xampp\htdocs\nuevo repositorio\produccionmarroquineria\vendor\laravel\framework\src\Illuminate\Foundation\Application.php(644): Illuminate\Container\Container->make('App\\Http\\Middle...', Array)
#8 C:\xampp\htdocs\nuevo repositorio\produccionmarroquineria\vendor\laravel\framework\src\Illuminate\Foundation\Http\Kernel.php(131): Illuminate\Foundation\Application->make('App\\Http\\Middle...')
#9 C:\xampp\htdocs\nuevo repositorio\produccionmarroquineria\public\index.php(57): Illuminate\Foundation\Http\Kernel->terminate(Object(Illuminate\Http\Request), Object(Symfony\Component\HttpFoundation\Response))
#10 {main}  
[2016-08-06 05:16:35] local.ERROR: ErrorException: include(C:\xampp\htdocs\nuevo repositorio\produccionmarroquineria/app/Http/Controllers/Auth/AuthController.php): failed to open stream: No such file or directory in C:\xampp\htdocs\nuevo repositorio\produccionmarroquineria\vendor\composer\ClassLoader.php:412
Stack trace:
#0 C:\xampp\htdocs\nuevo repositorio\produccionmarroquineria\vendor\composer\ClassLoader.php(412): Illuminate\Foundation\Bootstrap\HandleExceptions->handleError(2, 'include(C:\\xamp...', 'C:\\xampp\\htdocs...', 412, Array)
#1 C:\xampp\htdocs\nuevo repositorio\produccionmarroquineria\vendor\composer\ClassLoader.php(412): include()
#2 C:\xampp\htdocs\nuevo repositorio\produccionmarroquineria\vendor\composer\ClassLoader.php(301): Composer\Autoload\includeFile('C:\\xampp\\htdocs...')
#3 [internal function]: Composer\Autoload\ClassLoader->loadClass('App\\Http\\Contro...')
#4 [internal function]: spl_autoload_call('App\\Http\\Contro...')
#5 C:\xampp\htdocs\nuevo repositorio\produccionmarroquineria\vendor\laravel\framework\src\Illuminate\Routing\ControllerInspector.php(29): ReflectionClass->__construct('App\\Http\\Contro...')
#6 C:\xampp\htdocs\nuevo repositorio\produccionmarroquineria\vendor\laravel\framework\src\Illuminate\Routing\Router.php(251): Illuminate\Routing\ControllerInspector->getRoutable('App\\Http\\Contro...', 'auth')
#7 C:\xampp\htdocs\nuevo repositorio\produccionmarroquineria\vendor\laravel\framework\src\Illuminate\Routing\Router.php(226): Illuminate\Routing\Router->controller('auth', 'Auth\\AuthContro...')
#8 C:\xampp\htdocs\nuevo repositorio\produccionmarroquineria\vendor\laravel\framework\src\Illuminate\Support\Facades\Facade.php(210): Illuminate\Routing\Router->controllers(Array)
#9 C:\xampp\htdocs\nuevo repositorio\produccionmarroquineria\app\Http\routes.php(20): Illuminate\Support\Facades\Facade::__callStatic('controllers', Array)
#10 C:\xampp\htdocs\nuevo repositorio\produccionmarroquineria\app\Providers\RouteServiceProvider.php(40): require('C:\\xampp\\htdocs...')
#11 [internal function]: App\Providers\RouteServiceProvider->App\Providers\{closure}(Object(Illuminate\Routing\Router))
#12 C:\xampp\htdocs\nuevo repositorio\produccionmarroquineria\vendor\laravel\framework\src\Illuminate\Routing\Router.php(352): call_user_func(Object(Closure), Object(Illuminate\Routing\Router))
#13 C:\xampp\htdocs\nuevo repositorio\produccionmarroquineria\app\Providers\RouteServiceProvider.php(41): Illuminate\Routing\Router->group(Array, Object(Closure))
#14 [internal function]: App\Providers\RouteServiceProvider->map(Object(Illuminate\Routing\Router))
#15 C:\xampp\htdocs\nuevo repositorio\produccionmarroquineria\vendor\laravel\framework\src\Illuminate\Container\Container.php(526): call_user_func_array(Array, Array)
#16 C:\xampp\htdocs\nuevo repositorio\produccionmarroquineria\vendor\laravel\framework\src\Illuminate\Foundation\Support\Providers\RouteServiceProvider.php(68): Illuminate\Container\Container->call(Array)
#17 C:\xampp\htdocs\nuevo repositorio\produccionmarroquineria\vendor\laravel\framework\src\Illuminate\Foundation\Support\Providers\RouteServiceProvider.php(31): Illuminate\Foundation\Support\Providers\RouteServiceProvider->loadRoutes()
#18 C:\xampp\htdocs\nuevo repositorio\produccionmarroquineria\app\Providers\RouteServiceProvider.php(25): Illuminate\Foundation\Support\Providers\RouteServiceProvider->boot(Object(Illuminate\Routing\Router))
#19 [internal function]: App\Providers\RouteServiceProvider->boot(Object(Illuminate\Routing\Router))
#20 C:\xampp\htdocs\nuevo repositorio\produccionmarroquineria\vendor\laravel\framework\src\Illuminate\Container\Container.php(526): call_user_func_array(Array, Array)
#21 C:\xampp\htdocs\nuevo repositorio\produccionmarroquineria\vendor\laravel\framework\src\Illuminate\Foundation\Application.php(703): Illuminate\Container\Container->call(Array)
#22 C:\xampp\htdocs\nuevo repositorio\produccionmarroquineria\vendor\laravel\framework\src\Illuminate\Foundation\Application.php(685): Illuminate\Foundation\Application->bootProvider(Object(App\Providers\RouteServiceProvider))
#23 [internal function]: Illuminate\Foundation\Application->Illuminate\Foundation\{closure}(Object(App\Providers\RouteServiceProvider), 19)
#24 C:\xampp\htdocs\nuevo repositorio\produccionmarroquineria\vendor\laravel\framework\src\Illuminate\Foundation\Application.php(686): array_walk(Array, Object(Closure))
#25 C:\xampp\htdocs\nuevo repositorio\produccionmarroquineria\vendor\laravel\framework\src\Illuminate\Foundation\Bootstrap\BootProviders.php(15): Illuminate\Foundation\Application->boot()
#26 C:\xampp\htdocs\nuevo repositorio\produccionmarroquineria\vendor\laravel\framework\src\Illuminate\Foundation\Application.php(183): Illuminate\Foundation\Bootstrap\BootProviders->bootstrap(Object(Illuminate\Foundation\Application))
#27 C:\xampp\htdocs\nuevo repositorio\produccionmarroquineria\vendor\laravel\framework\src\Illuminate\Foundation\Http\Kernel.php(199): Illuminate\Foundation\Application->bootstrapWith(Array)
#28 C:\xampp\htdocs\nuevo repositorio\produccionmarroquineria\vendor\laravel\framework\src\Illuminate\Foundation\Http\Kernel.php(110): Illuminate\Foundation\Http\Kernel->bootstrap()
#29 C:\xampp\htdocs\nuevo repositorio\produccionmarroquineria\vendor\laravel\framework\src\Illuminate\Foundation\Http\Kernel.php(84): Illuminate\Foundation\Http\Kernel->sendRequestThroughRouter(Object(Illuminate\Http\Request))
#30 C:\xampp\htdocs\nuevo repositorio\produccionmarroquineria\public\index.php(52): Illuminate\Foundation\Http\Kernel->handle(Object(Illuminate\Http\Request))
#31 {main}  
[2016-08-06 05:16:35] local.ERROR: ErrorException: include(C:\xampp\htdocs\nuevo repositorio\produccionmarroquineria/app/Http/Middleware/VerifyCsrfToken.php): failed to open stream: No such file or directory in C:\xampp\htdocs\nuevo repositorio\produccionmarroquineria\vendor\composer\ClassLoader.php:412
Stack trace:
#0 C:\xampp\htdocs\nuevo repositorio\produccionmarroquineria\vendor\composer\ClassLoader.php(412): Illuminate\Foundation\Bootstrap\HandleExceptions->handleError(2, 'include(C:\\xamp...', 'C:\\xampp\\htdocs...', 412, Array)
#1 C:\xampp\htdocs\nuevo repositorio\produccionmarroquineria\vendor\composer\ClassLoader.php(412): include()
#2 C:\xampp\htdocs\nuevo repositorio\produccionmarroquineria\vendor\composer\ClassLoader.php(301): Composer\Autoload\includeFile('C:\\xampp\\htdocs...')
#3 [internal function]: Composer\Autoload\ClassLoader->loadClass('App\\Http\\Middle...')
#4 [internal function]: spl_autoload_call('App\\Http\\Middle...')
#5 C:\xampp\htdocs\nuevo repositorio\produccionmarroquineria\vendor\laravel\framework\src\Illuminate\Container\Container.php(779): ReflectionClass->__construct('App\\Http\\Middle...')
#6 C:\xampp\htdocs\nuevo repositorio\produccionmarroquineria\vendor\laravel\framework\src\Illuminate\Container\Container.php(659): Illuminate\Container\Container->build('App\\Http\\Middle...', Array)
#7 C:\xampp\htdocs\nuevo repositorio\produccionmarroquineria\vendor\laravel\framework\src\Illuminate\Foundation\Application.php(644): Illuminate\Container\Container->make('App\\Http\\Middle...', Array)
#8 C:\xampp\htdocs\nuevo repositorio\produccionmarroquineria\vendor\laravel\framework\src\Illuminate\Foundation\Http\Kernel.php(131): Illuminate\Foundation\Application->make('App\\Http\\Middle...')
#9 C:\xampp\htdocs\nuevo repositorio\produccionmarroquineria\public\index.php(57): Illuminate\Foundation\Http\Kernel->terminate(Object(Illuminate\Http\Request), Object(Symfony\Component\HttpFoundation\Response))
#10 {main}  
[2016-08-06 05:21:40] local.ERROR: Symfony\Component\Debug\Exception\FatalErrorException: Uncaught TypeError: Argument 1 passed to App\Exceptions\Handler::report() must be an instance of Exception, instance of Error given, called in C:\xampp\htdocs\nuevo repositorio\produccionmarroquineria\vendor\laravel\framework\src\Illuminate\Foundation\Bootstrap\HandleExceptions.php on line 73 and defined in C:\xampp\htdocs\nuevo repositorio\produccionmarroquineria\app\Exceptions\Handler.php:25
Stack trace:
#0 C:\xampp\htdocs\nuevo repositorio\produccionmarroquineria\vendor\laravel\framework\src\Illuminate\Foundation\Bootstrap\HandleExceptions.php(73): App\Exceptions\Handler->report(Object(Error))
#1 [internal function]: Illuminate\Foundation\Bootstrap\HandleExceptions->handleException(Object(Error))
#2 {main}
  thrown in C:\xampp\htdocs\nuevo repositorio\produccionmarroquineria\app\Exceptions\Handler.php:25
Stack trace:
#0 {main}  
[2016-08-06 05:23:02] local.ERROR: InvalidArgumentException: View [plantilla.estructura] not found. in C:\xampp\htdocs\nuevo repositorio\produccionmarroquineria\vendor\laravel\framework\src\Illuminate\View\FileViewFinder.php:140
Stack trace:
#0 C:\xampp\htdocs\nuevo repositorio\produccionmarroquineria\vendor\laravel\framework\src\Illuminate\View\FileViewFinder.php(77): Illuminate\View\FileViewFinder->findInPaths('plantilla.estru...', Array)
#1 C:\xampp\htdocs\nuevo repositorio\produccionmarroquineria\vendor\laravel\framework\src\Illuminate\View\Factory.php(145): Illuminate\View\FileViewFinder->find('plantilla.estru...')
#2 C:\xampp\htdocs\nuevo repositorio\produccionmarroquineria\vendor\laravel\framework\src\Illuminate\Foundation\helpers.php(592): Illuminate\View\Factory->make('plantilla.estru...', Array, Array)
#3 C:\xampp\htdocs\nuevo repositorio\produccionmarroquineria\app\Http\Controllers\Administracion\PersonaController.php(28): view('plantilla.estru...')
#4 [internal function]: App\Http\Controllers\Administracion\PersonaController->getIndex()
#5 C:\xampp\htdocs\nuevo repositorio\produccionmarroquineria\vendor\laravel\framework\src\Illuminate\Routing\Controller.php(246): call_user_func_array(Array, Array)
#6 C:\xampp\htdocs\nuevo repositorio\produccionmarroquineria\vendor\laravel\framework\src\Illuminate\Routing\ControllerDispatcher.php(162): Illuminate\Routing\Controller->callAction('getIndex', Array)
#7 C:\xampp\htdocs\nuevo repositorio\produccionmarroquineria\vendor\laravel\framework\src\Illuminate\Routing\ControllerDispatcher.php(107): Illuminate\Routing\ControllerDispatcher->call(Object(App\Http\Controllers\Administracion\PersonaController), Object(Illuminate\Routing\Route), 'getIndex')
#8 [internal function]: Illuminate\Routing\ControllerDispatcher->Illuminate\Routing\{closure}(Object(Illuminate\Http\Request))
#9 C:\xampp\htdocs\nuevo repositorio\produccionmarroquineria\vendor\laravel\framework\src\Illuminate\Pipeline\Pipeline.php(141): call_user_func(Object(Closure), Object(Illuminate\Http\Request))
#10 [internal function]: Illuminate\Pipeline\Pipeline->Illuminate\Pipeline\{closure}(Object(Illuminate\Http\Request))
#11 C:\xampp\htdocs\nuevo repositorio\produccionmarroquineria\vendor\laravel\framework\src\Illuminate\Pipeline\Pipeline.php(100): call_user_func(Object(Closure), Object(Illuminate\Http\Request))
#12 C:\xampp\htdocs\nuevo repositorio\produccionmarroquineria\vendor\laravel\framework\src\Illuminate\Routing\ControllerDispatcher.php(108): Illuminate\Pipeline\Pipeline->then(Object(Closure))
#13 C:\xampp\htdocs\nuevo repositorio\produccionmarroquineria\vendor\laravel\framework\src\Illuminate\Routing\ControllerDispatcher.php(65): Illuminate\Routing\ControllerDispatcher->callWithinStack(Object(App\Http\Controllers\Administracion\PersonaController), Object(Illuminate\Routing\Route), Object(Illuminate\Http\Request), 'getIndex')
#14 C:\xampp\htdocs\nuevo repositorio\produccionmarroquineria\vendor\laravel\framework\src\Illuminate\Routing\Route.php(204): Illuminate\Routing\ControllerDispatcher->dispatch(Object(Illuminate\Routing\Route), Object(Illuminate\Http\Request), 'App\\Http\\Contro...', 'getIndex')
#15 C:\xampp\htdocs\nuevo repositorio\produccionmarroquineria\vendor\laravel\framework\src\Illuminate\Routing\Route.php(134): Illuminate\Routing\Route->runWithCustomDispatcher(Object(Illuminate\Http\Request))
#16 C:\xampp\htdocs\nuevo repositorio\produccionmarroquineria\vendor\laravel\framework\src\Illuminate\Routing\Router.php(701): Illuminate\Routing\Route->run(Object(Illuminate\Http\Request))
#17 [internal function]: Illuminate\Routing\Router->Illuminate\Routing\{closure}(Object(Illuminate\Http\Request))
#18 C:\xampp\htdocs\nuevo repositorio\produccionmarroquineria\vendor\laravel\framework\src\Illuminate\Pipeline\Pipeline.php(141): call_user_func(Object(Closure), Object(Illuminate\Http\Request))
#19 [internal function]: Illuminate\Pipeline\Pipeline->Illuminate\Pipeline\{closure}(Object(Illuminate\Http\Request))
#20 C:\xampp\htdocs\nuevo repositorio\produccionmarroquineria\vendor\laravel\framework\src\Illuminate\Pipeline\Pipeline.php(100): call_user_func(Object(Closure), Object(Illuminate\Http\Request))
#21 C:\xampp\htdocs\nuevo repositorio\produccionmarroquineria\vendor\laravel\framework\src\Illuminate\Routing\Router.php(703): Illuminate\Pipeline\Pipeline->then(Object(Closure))
#22 C:\xampp\htdocs\nuevo repositorio\produccionmarroquineria\vendor\laravel\framework\src\Illuminate\Routing\Router.php(668): Illuminate\Routing\Router->runRouteWithinStack(Object(Illuminate\Routing\Route), Object(Illuminate\Http\Request))
#23 C:\xampp\htdocs\nuevo repositorio\produccionmarroquineria\vendor\laravel\framework\src\Illuminate\Routing\Router.php(628): Illuminate\Routing\Router->dispatchToRoute(Object(Illuminate\Http\Request))
#24 C:\xampp\htdocs\nuevo repositorio\produccionmarroquineria\vendor\laravel\framework\src\Illuminate\Foundation\Http\Kernel.php(214): Illuminate\Routing\Router->dispatch(Object(Illuminate\Http\Request))
#25 [internal function]: Illuminate\Foundation\Http\Kernel->Illuminate\Foundation\Http\{closure}(Object(Illuminate\Http\Request))
#26 C:\xampp\htdocs\nuevo repositorio\produccionmarroquineria\vendor\laravel\framework\src\Illuminate\Pipeline\Pipeline.php(141): call_user_func(Object(Closure), Object(Illuminate\Http\Request))
#27 C:\xampp\htdocs\nuevo repositorio\produccionmarroquineria\vendor\laravel\framework\src\Illuminate\Foundation\Http\Middleware\VerifyCsrfToken.php(43): Illuminate\Pipeline\Pipeline->Illuminate\Pipeline\{closure}(Object(Illuminate\Http\Request))
#28 C:\xampp\htdocs\nuevo repositorio\produccionmarroquineria\app\Http\Middleware\VerifyCsrfToken.php(17): Illuminate\Foundation\Http\Middleware\VerifyCsrfToken->handle(Object(Illuminate\Http\Request), Object(Closure))
#29 C:\xampp\htdocs\nuevo repositorio\produccionmarroquineria\vendor\laravel\framework\src\Illuminate\Pipeline\Pipeline.php(125): App\Http\Middleware\VerifyCsrfToken->handle(Object(Illuminate\Http\Request), Object(Closure))
#30 C:\xampp\htdocs\nuevo repositorio\produccionmarroquineria\vendor\laravel\framework\src\Illuminate\View\Middleware\ShareErrorsFromSession.php(55): Illuminate\Pipeline\Pipeline->Illuminate\Pipeline\{closure}(Object(Illuminate\Http\Request))
#31 C:\xampp\htdocs\nuevo repositorio\produccionmarroquineria\vendor\laravel\framework\src\Illuminate\Pipeline\Pipeline.php(125): Illuminate\View\Middleware\ShareErrorsFromSession->handle(Object(Illuminate\Http\Request), Object(Closure))
#32 C:\xampp\htdocs\nuevo repositorio\produccionmarroquineria\vendor\laravel\framework\src\Illuminate\Session\Middleware\StartSession.php(61): Illuminate\Pipeline\Pipeline->Illuminate\Pipeline\{closure}(Object(Illuminate\Http\Request))
#33 C:\xampp\htdocs\nuevo repositorio\produccionmarroquineria\vendor\laravel\framework\src\Illuminate\Pipeline\Pipeline.php(125): Illuminate\Session\Middleware\StartSession->handle(Object(Illuminate\Http\Request), Object(Closure))
#34 C:\xampp\htdocs\nuevo repositorio\produccionmarroquineria\vendor\laravel\framework\src\Illuminate\Cookie\Middleware\AddQueuedCookiesToResponse.php(36): Illuminate\Pipeline\Pipeline->Illuminate\Pipeline\{closure}(Object(Illuminate\Http\Request))
#35 C:\xampp\htdocs\nuevo repositorio\produccionmarroquineria\vendor\laravel\framework\src\Illuminate\Pipeline\Pipeline.php(125): Illuminate\Cookie\Middleware\AddQueuedCookiesToResponse->handle(Object(Illuminate\Http\Request), Object(Closure))
#36 C:\xampp\htdocs\nuevo repositorio\produccionmarroquineria\vendor\laravel\framework\src\Illuminate\Cookie\Middleware\EncryptCookies.php(40): Illuminate\Pipeline\Pipeline->Illuminate\Pipeline\{closure}(Object(Illuminate\Http\Request))
#37 C:\xampp\htdocs\nuevo repositorio\produccionmarroquineria\vendor\laravel\framework\src\Illuminate\Pipeline\Pipeline.php(125): Illuminate\Cookie\Middleware\EncryptCookies->handle(Object(Illuminate\Http\Request), Object(Closure))
#38 C:\xampp\htdocs\nuevo repositorio\produccionmarroquineria\vendor\laravel\framework\src\Illuminate\Foundation\Http\Middleware\CheckForMaintenanceMode.php(42): Illuminate\Pipeline\Pipeline->Illuminate\Pipeline\{closure}(Object(Illuminate\Http\Request))
#39 C:\xampp\htdocs\nuevo repositorio\produccionmarroquineria\vendor\laravel\framework\src\Illuminate\Pipeline\Pipeline.php(125): Illuminate\Foundation\Http\Middleware\CheckForMaintenanceMode->handle(Object(Illuminate\Http\Request), Object(Closure))
#40 [internal function]: Illuminate\Pipeline\Pipeline->Illuminate\Pipeline\{closure}(Object(Illuminate\Http\Request))
#41 C:\xampp\htdocs\nuevo repositorio\produccionmarroquineria\vendor\laravel\framework\src\Illuminate\Pipeline\Pipeline.php(100): call_user_func(Object(Closure), Object(Illuminate\Http\Request))
#42 C:\xampp\htdocs\nuevo repositorio\produccionmarroquineria\vendor\laravel\framework\src\Illuminate\Foundation\Http\Kernel.php(115): Illuminate\Pipeline\Pipeline->then(Object(Closure))
#43 C:\xampp\htdocs\nuevo repositorio\produccionmarroquineria\vendor\laravel\framework\src\Illuminate\Foundation\Http\Kernel.php(84): Illuminate\Foundation\Http\Kernel->sendRequestThroughRouter(Object(Illuminate\Http\Request))
#44 C:\xampp\htdocs\nuevo repositorio\produccionmarroquineria\public\index.php(52): Illuminate\Foundation\Http\Kernel->handle(Object(Illuminate\Http\Request))
#45 {main}  
