[2016-08-05 03:57:18] local.ERROR: ReflectionException: Class DatabaseSeeder does not exist in C:\xampp\htdocs\nuevo repositorio\produccionmarroquineria\vendor\laravel\framework\src\Illuminate\Container\Container.php:779
Stack trace:
#0 C:\xampp\htdocs\nuevo repositorio\produccionmarroquineria\vendor\laravel\framework\src\Illuminate\Container\Container.php(779): ReflectionClass->__construct('DatabaseSeeder')
#1 C:\xampp\htdocs\nuevo repositorio\produccionmarroquineria\vendor\laravel\framework\src\Illuminate\Container\Container.php(659): Illuminate\Container\Container->build('DatabaseSeeder', Array)
#2 C:\xampp\htdocs\nuevo repositorio\produccionmarroquineria\vendor\laravel\framework\src\Illuminate\Foundation\Application.php(644): Illuminate\Container\Container->make('DatabaseSeeder', Array)
#3 C:\xampp\htdocs\nuevo repositorio\produccionmarroquineria\vendor\laravel\framework\src\Illuminate\Database\Console\SeedCommand.php(67): Illuminate\Foundation\Application->make('DatabaseSeeder')
#4 C:\xampp\htdocs\nuevo repositorio\produccionmarroquineria\vendor\laravel\framework\src\Illuminate\Database\Console\SeedCommand.php(57): Illuminate\Database\Console\SeedCommand->getSeeder()
#5 [internal function]: Illuminate\Database\Console\SeedCommand->fire()
#6 C:\xampp\htdocs\nuevo repositorio\produccionmarroquineria\vendor\laravel\framework\src\Illuminate\Container\Container.php(526): call_user_func_array(Array, Array)
#7 C:\xampp\htdocs\nuevo repositorio\produccionmarroquineria\vendor\laravel\framework\src\Illuminate\Console\Command.php(115): Illuminate\Container\Container->call(Array)
#8 C:\xampp\htdocs\nuevo repositorio\produccionmarroquineria\vendor\symfony\console\Symfony\Component\Console\Command\Command.php(257): Illuminate\Console\Command->execute(Object(Symfony\Component\Console\Input\ArrayInput), Object(Symfony\Component\Console\Output\ConsoleOutput))
#9 C:\xampp\htdocs\nuevo repositorio\produccionmarroquineria\vendor\laravel\framework\src\Illuminate\Console\Command.php(101): Symfony\Component\Console\Command\Command->run(Object(Symfony\Component\Console\Input\ArrayInput), Object(Symfony\Component\Console\Output\ConsoleOutput))
#10 C:\xampp\htdocs\nuevo repositorio\produccionmarroquineria\vendor\laravel\framework\src\Illuminate\Console\Command.php(131): Illuminate\Console\Command->run(Object(Symfony\Component\Console\Input\ArrayInput), Object(Symfony\Component\Console\Output\ConsoleOutput))
#11 C:\xampp\htdocs\nuevo repositorio\produccionmarroquineria\vendor\laravel\framework\src\Illuminate\Database\Console\Migrations\MigrateCommand.php(88): Illuminate\Console\Command->call('db:seed', Array)
#12 [internal function]: Illuminate\Database\Console\Migrations\MigrateCommand->fire()
#13 C:\xampp\htdocs\nuevo repositorio\produccionmarroquineria\vendor\laravel\framework\src\Illuminate\Container\Container.php(526): call_user_func_array(Array, Array)
#14 C:\xampp\htdocs\nuevo repositorio\produccionmarroquineria\vendor\laravel\framework\src\Illuminate\Console\Command.php(115): Illuminate\Container\Container->call(Array)
#15 C:\xampp\htdocs\nuevo repositorio\produccionmarroquineria\vendor\symfony\console\Symfony\Component\Console\Command\Command.php(257): Illuminate\Console\Command->execute(Object(Symfony\Component\Console\Input\ArgvInput), Object(Symfony\Component\Console\Output\ConsoleOutput))
#16 C:\xampp\htdocs\nuevo repositorio\produccionmarroquineria\vendor\laravel\framework\src\Illuminate\Console\Command.php(101): Symfony\Component\Console\Command\Command->run(Object(Symfony\Component\Console\Input\ArgvInput), Object(Symfony\Component\Console\Output\ConsoleOutput))
#17 C:\xampp\htdocs\nuevo repositorio\produccionmarroquineria\vendor\symfony\console\Symfony\Component\Console\Application.php(874): Illuminate\Console\Command->run(Object(Symfony\Component\Console\Input\ArgvInput), Object(Symfony\Component\Console\Output\ConsoleOutput))
#18 C:\xampp\htdocs\nuevo repositorio\produccionmarroquineria\vendor\symfony\console\Symfony\Component\Console\Application.php(195): Symfony\Component\Console\Application->doRunCommand(Object(Illuminate\Database\Console\Migrations\MigrateCommand), Object(Symfony\Component\Console\Input\ArgvInput), Object(Symfony\Component\Console\Output\ConsoleOutput))
#19 C:\xampp\htdocs\nuevo repositorio\produccionmarroquineria\vendor\symfony\console\Symfony\Component\Console\Application.php(126): Symfony\Component\Console\Application->doRun(Object(Symfony\Component\Console\Input\ArgvInput), Object(Symfony\Component\Console\Output\ConsoleOutput))
#20 C:\xampp\htdocs\nuevo repositorio\produccionmarroquineria\vendor\laravel\framework\src\Illuminate\Foundation\Console\Kernel.php(94): Symfony\Component\Console\Application->run(Object(Symfony\Component\Console\Input\ArgvInput), Object(Symfony\Component\Console\Output\ConsoleOutput))
#21 C:\xampp\htdocs\nuevo repositorio\produccionmarroquineria\artisan(35): Illuminate\Foundation\Console\Kernel->handle(Object(Symfony\Component\Console\Input\ArgvInput), Object(Symfony\Component\Console\Output\ConsoleOutput))
#22 {main}  
[2016-08-05 04:02:03] local.ERROR: PDOException: SQLSTATE[42S02]: Base table or view not found: 1146 Table 'produccionmarroquineria.users' doesn't exist in C:\xampp\htdocs\nuevo repositorio\produccionmarroquineria\vendor\laravel\framework\src\Illuminate\Database\Connection.php:292
Stack trace:
#0 C:\xampp\htdocs\nuevo repositorio\produccionmarroquineria\vendor\laravel\framework\src\Illuminate\Database\Connection.php(292): PDO->prepare('select count(*)...')
#1 C:\xampp\htdocs\nuevo repositorio\produccionmarroquineria\vendor\laravel\framework\src\Illuminate\Database\Connection.php(616): Illuminate\Database\Connection->Illuminate\Database\{closure}(Object(Illuminate\Database\MySqlConnection), 'select count(*)...', Array)
#2 C:\xampp\htdocs\nuevo repositorio\produccionmarroquineria\vendor\laravel\framework\src\Illuminate\Database\Connection.php(580): Illuminate\Database\Connection->runQueryCallback('select count(*)...', Array, Object(Closure))
#3 C:\xampp\htdocs\nuevo repositorio\produccionmarroquineria\vendor\laravel\framework\src\Illuminate\Database\Connection.php(297): Illuminate\Database\Connection->run('select count(*)...', Array, Object(Closure))
#4 C:\xampp\htdocs\nuevo repositorio\produccionmarroquineria\vendor\laravel\framework\src\Illuminate\Database\Query\Builder.php(1377): Illuminate\Database\Connection->select('select count(*)...', Array, true)
#5 C:\xampp\htdocs\nuevo repositorio\produccionmarroquineria\vendor\laravel\framework\src\Illuminate\Database\Query\Builder.php(1367): Illuminate\Database\Query\Builder->runSelect()
#6 C:\xampp\htdocs\nuevo repositorio\produccionmarroquineria\vendor\laravel\framework\src\Illuminate\Database\Query\Builder.php(1354): Illuminate\Database\Query\Builder->getFresh(Array)
#7 C:\xampp\htdocs\nuevo repositorio\produccionmarroquineria\vendor\laravel\framework\src\Illuminate\Database\Query\Builder.php(1643): Illuminate\Database\Query\Builder->get(Array)
#8 C:\xampp\htdocs\nuevo repositorio\produccionmarroquineria\vendor\laravel\framework\src\Illuminate\Database\Query\Builder.php(1581): Illuminate\Database\Query\Builder->aggregate('count', Array)
#9 C:\xampp\htdocs\nuevo repositorio\produccionmarroquineria\vendor\laravel\framework\src\Illuminate\Validation\DatabasePresenceVerifier.php(57): Illuminate\Database\Query\Builder->count()
#10 C:\xampp\htdocs\nuevo repositorio\produccionmarroquineria\vendor\laravel\framework\src\Illuminate\Validation\Validator.php(1053): Illuminate\Validation\DatabasePresenceVerifier->getCount('users', 'email', 'jhonfersteven@h...', NULL, NULL, Array)
#11 C:\xampp\htdocs\nuevo repositorio\produccionmarroquineria\vendor\laravel\framework\src\Illuminate\Validation\Validator.php(372): Illuminate\Validation\Validator->validateUnique('email', 'jhonfersteven@h...', Array, Object(Illuminate\Validation\Validator))
#12 C:\xampp\htdocs\nuevo repositorio\produccionmarroquineria\vendor\laravel\framework\src\Illuminate\Validation\Validator.php(325): Illuminate\Validation\Validator->validate('email', 'Unique')
#13 C:\xampp\htdocs\nuevo repositorio\produccionmarroquineria\vendor\laravel\framework\src\Illuminate\Validation\Validator.php(347): Illuminate\Validation\Validator->passes()
#14 C:\xampp\htdocs\nuevo repositorio\produccionmarroquineria\vendor\laravel\framework\src\Illuminate\Foundation\Auth\AuthenticatesAndRegistersUsers.php(43): Illuminate\Validation\Validator->fails()
#15 [internal function]: App\Http\Controllers\Auth\AuthController->postRegister(Object(Illuminate\Http\Request))
#16 C:\xampp\htdocs\nuevo repositorio\produccionmarroquineria\vendor\laravel\framework\src\Illuminate\Routing\Controller.php(246): call_user_func_array(Array, Array)
#17 C:\xampp\htdocs\nuevo repositorio\produccionmarroquineria\vendor\laravel\framework\src\Illuminate\Routing\ControllerDispatcher.php(162): Illuminate\Routing\Controller->callAction('postRegister', Array)
#18 C:\xampp\htdocs\nuevo repositorio\produccionmarroquineria\vendor\laravel\framework\src\Illuminate\Routing\ControllerDispatcher.php(107): Illuminate\Routing\ControllerDispatcher->call(Object(App\Http\Controllers\Auth\AuthController), Object(Illuminate\Routing\Route), 'postRegister')
#19 [internal function]: Illuminate\Routing\ControllerDispatcher->Illuminate\Routing\{closure}(Object(Illuminate\Http\Request))
#20 C:\xampp\htdocs\nuevo repositorio\produccionmarroquineria\vendor\laravel\framework\src\Illuminate\Pipeline\Pipeline.php(141): call_user_func(Object(Closure), Object(Illuminate\Http\Request))
#21 [internal function]: Illuminate\Pipeline\Pipeline->Illuminate\Pipeline\{closure}(Object(Illuminate\Http\Request))
#22 C:\xampp\htdocs\nuevo repositorio\produccionmarroquineria\vendor\laravel\framework\src\Illuminate\Pipeline\Pipeline.php(100): call_user_func(Object(Closure), Object(Illuminate\Http\Request))
#23 C:\xampp\htdocs\nuevo repositorio\produccionmarroquineria\vendor\laravel\framework\src\Illuminate\Routing\ControllerDispatcher.php(108): Illuminate\Pipeline\Pipeline->then(Object(Closure))
#24 C:\xampp\htdocs\nuevo repositorio\produccionmarroquineria\vendor\laravel\framework\src\Illuminate\Routing\ControllerDispatcher.php(65): Illuminate\Routing\ControllerDispatcher->callWithinStack(Object(App\Http\Controllers\Auth\AuthController), Object(Illuminate\Routing\Route), Object(Illuminate\Http\Request), 'postRegister')
#25 C:\xampp\htdocs\nuevo repositorio\produccionmarroquineria\vendor\laravel\framework\src\Illuminate\Routing\Route.php(204): Illuminate\Routing\ControllerDispatcher->dispatch(Object(Illuminate\Routing\Route), Object(Illuminate\Http\Request), 'App\\Http\\Contro...', 'postRegister')
#26 C:\xampp\htdocs\nuevo repositorio\produccionmarroquineria\vendor\laravel\framework\src\Illuminate\Routing\Route.php(134): Illuminate\Routing\Route->runWithCustomDispatcher(Object(Illuminate\Http\Request))
#27 C:\xampp\htdocs\nuevo repositorio\produccionmarroquineria\vendor\laravel\framework\src\Illuminate\Routing\Router.php(701): Illuminate\Routing\Route->run(Object(Illuminate\Http\Request))
#28 [internal function]: Illuminate\Routing\Router->Illuminate\Routing\{closure}(Object(Illuminate\Http\Request))
#29 C:\xampp\htdocs\nuevo repositorio\produccionmarroquineria\vendor\laravel\framework\src\Illuminate\Pipeline\Pipeline.php(141): call_user_func(Object(Closure), Object(Illuminate\Http\Request))
#30 [internal function]: Illuminate\Pipeline\Pipeline->Illuminate\Pipeline\{closure}(Object(Illuminate\Http\Request))
#31 C:\xampp\htdocs\nuevo repositorio\produccionmarroquineria\vendor\laravel\framework\src\Illuminate\Pipeline\Pipeline.php(100): call_user_func(Object(Closure), Object(Illuminate\Http\Request))
#32 C:\xampp\htdocs\nuevo repositorio\produccionmarroquineria\vendor\laravel\framework\src\Illuminate\Routing\Router.php(703): Illuminate\Pipeline\Pipeline->then(Object(Closure))
#33 C:\xampp\htdocs\nuevo repositorio\produccionmarroquineria\vendor\laravel\framework\src\Illuminate\Routing\Router.php(668): Illuminate\Routing\Router->runRouteWithinStack(Object(Illuminate\Routing\Route), Object(Illuminate\Http\Request))
#34 C:\xampp\htdocs\nuevo repositorio\produccionmarroquineria\vendor\laravel\framework\src\Illuminate\Routing\Router.php(628): Illuminate\Routing\Router->dispatchToRoute(Object(Illuminate\Http\Request))
#35 C:\xampp\htdocs\nuevo repositorio\produccionmarroquineria\vendor\laravel\framework\src\Illuminate\Foundation\Http\Kernel.php(214): Illuminate\Routing\Router->dispatch(Object(Illuminate\Http\Request))
#36 [internal function]: Illuminate\Foundation\Http\Kernel->Illuminate\Foundation\Http\{closure}(Object(Illuminate\Http\Request))
#37 C:\xampp\htdocs\nuevo repositorio\produccionmarroquineria\vendor\laravel\framework\src\Illuminate\Pipeline\Pipeline.php(141): call_user_func(Object(Closure), Object(Illuminate\Http\Request))
#38 C:\xampp\htdocs\nuevo repositorio\produccionmarroquineria\vendor\laravel\framework\src\Illuminate\Foundation\Http\Middleware\VerifyCsrfToken.php(43): Illuminate\Pipeline\Pipeline->Illuminate\Pipeline\{closure}(Object(Illuminate\Http\Request))
#39 C:\xampp\htdocs\nuevo repositorio\produccionmarroquineria\app\Http\Middleware\VerifyCsrfToken.php(17): Illuminate\Foundation\Http\Middleware\VerifyCsrfToken->handle(Object(Illuminate\Http\Request), Object(Closure))
#40 C:\xampp\htdocs\nuevo repositorio\produccionmarroquineria\vendor\laravel\framework\src\Illuminate\Pipeline\Pipeline.php(125): App\Http\Middleware\VerifyCsrfToken->handle(Object(Illuminate\Http\Request), Object(Closure))
#41 C:\xampp\htdocs\nuevo repositorio\produccionmarroquineria\vendor\laravel\framework\src\Illuminate\View\Middleware\ShareErrorsFromSession.php(55): Illuminate\Pipeline\Pipeline->Illuminate\Pipeline\{closure}(Object(Illuminate\Http\Request))
#42 C:\xampp\htdocs\nuevo repositorio\produccionmarroquineria\vendor\laravel\framework\src\Illuminate\Pipeline\Pipeline.php(125): Illuminate\View\Middleware\ShareErrorsFromSession->handle(Object(Illuminate\Http\Request), Object(Closure))
#43 C:\xampp\htdocs\nuevo repositorio\produccionmarroquineria\vendor\laravel\framework\src\Illuminate\Session\Middleware\StartSession.php(61): Illuminate\Pipeline\Pipeline->Illuminate\Pipeline\{closure}(Object(Illuminate\Http\Request))
#44 C:\xampp\htdocs\nuevo repositorio\produccionmarroquineria\vendor\laravel\framework\src\Illuminate\Pipeline\Pipeline.php(125): Illuminate\Session\Middleware\StartSession->handle(Object(Illuminate\Http\Request), Object(Closure))
#45 C:\xampp\htdocs\nuevo repositorio\produccionmarroquineria\vendor\laravel\framework\src\Illuminate\Cookie\Middleware\AddQueuedCookiesToResponse.php(36): Illuminate\Pipeline\Pipeline->Illuminate\Pipeline\{closure}(Object(Illuminate\Http\Request))
#46 C:\xampp\htdocs\nuevo repositorio\produccionmarroquineria\vendor\laravel\framework\src\Illuminate\Pipeline\Pipeline.php(125): Illuminate\Cookie\Middleware\AddQueuedCookiesToResponse->handle(Object(Illuminate\Http\Request), Object(Closure))
#47 C:\xampp\htdocs\nuevo repositorio\produccionmarroquineria\vendor\laravel\framework\src\Illuminate\Cookie\Middleware\EncryptCookies.php(40): Illuminate\Pipeline\Pipeline->Illuminate\Pipeline\{closure}(Object(Illuminate\Http\Request))
#48 C:\xampp\htdocs\nuevo repositorio\produccionmarroquineria\vendor\laravel\framework\src\Illuminate\Pipeline\Pipeline.php(125): Illuminate\Cookie\Middleware\EncryptCookies->handle(Object(Illuminate\Http\Request), Object(Closure))
#49 C:\xampp\htdocs\nuevo repositorio\produccionmarroquineria\vendor\laravel\framework\src\Illuminate\Foundation\Http\Middleware\CheckForMaintenanceMode.php(42): Illuminate\Pipeline\Pipeline->Illuminate\Pipeline\{closure}(Object(Illuminate\Http\Request))
#50 C:\xampp\htdocs\nuevo repositorio\produccionmarroquineria\vendor\laravel\framework\src\Illuminate\Pipeline\Pipeline.php(125): Illuminate\Foundation\Http\Middleware\CheckForMaintenanceMode->handle(Object(Illuminate\Http\Request), Object(Closure))
#51 [internal function]: Illuminate\Pipeline\Pipeline->Illuminate\Pipeline\{closure}(Object(Illuminate\Http\Request))
#52 C:\xampp\htdocs\nuevo repositorio\produccionmarroquineria\vendor\laravel\framework\src\Illuminate\Pipeline\Pipeline.php(100): call_user_func(Object(Closure), Object(Illuminate\Http\Request))
#53 C:\xampp\htdocs\nuevo repositorio\produccionmarroquineria\vendor\laravel\framework\src\Illuminate\Foundation\Http\Kernel.php(115): Illuminate\Pipeline\Pipeline->then(Object(Closure))
#54 C:\xampp\htdocs\nuevo repositorio\produccionmarroquineria\vendor\laravel\framework\src\Illuminate\Foundation\Http\Kernel.php(84): Illuminate\Foundation\Http\Kernel->sendRequestThroughRouter(Object(Illuminate\Http\Request))
#55 C:\xampp\htdocs\nuevo repositorio\produccionmarroquineria\public\index.php(52): Illuminate\Foundation\Http\Kernel->handle(Object(Illuminate\Http\Request))
#56 {main}

Next Illuminate\Database\QueryException: SQLSTATE[42S02]: Base table or view not found: 1146 Table 'produccionmarroquineria.users' doesn't exist (SQL: select count(*) as aggregate from `users` where `email` = jhonfersteven@hotmail.com) in C:\xampp\htdocs\nuevo repositorio\produccionmarroquineria\vendor\laravel\framework\src\Illuminate\Database\Connection.php:624
Stack trace:
#0 C:\xampp\htdocs\nuevo repositorio\produccionmarroquineria\vendor\laravel\framework\src\Illuminate\Database\Connection.php(580): Illuminate\Database\Connection->runQueryCallback('select count(*)...', Array, Object(Closure))
#1 C:\xampp\htdocs\nuevo repositorio\produccionmarroquineria\vendor\laravel\framework\src\Illuminate\Database\Connection.php(297): Illuminate\Database\Connection->run('select count(*)...', Array, Object(Closure))
#2 C:\xampp\htdocs\nuevo repositorio\produccionmarroquineria\vendor\laravel\framework\src\Illuminate\Database\Query\Builder.php(1377): Illuminate\Database\Connection->select('select count(*)...', Array, true)
#3 C:\xampp\htdocs\nuevo repositorio\produccionmarroquineria\vendor\laravel\framework\src\Illuminate\Database\Query\Builder.php(1367): Illuminate\Database\Query\Builder->runSelect()
#4 C:\xampp\htdocs\nuevo repositorio\produccionmarroquineria\vendor\laravel\framework\src\Illuminate\Database\Query\Builder.php(1354): Illuminate\Database\Query\Builder->getFresh(Array)
#5 C:\xampp\htdocs\nuevo repositorio\produccionmarroquineria\vendor\laravel\framework\src\Illuminate\Database\Query\Builder.php(1643): Illuminate\Database\Query\Builder->get(Array)
#6 C:\xampp\htdocs\nuevo repositorio\produccionmarroquineria\vendor\laravel\framework\src\Illuminate\Database\Query\Builder.php(1581): Illuminate\Database\Query\Builder->aggregate('count', Array)
#7 C:\xampp\htdocs\nuevo repositorio\produccionmarroquineria\vendor\laravel\framework\src\Illuminate\Validation\DatabasePresenceVerifier.php(57): Illuminate\Database\Query\Builder->count()
#8 C:\xampp\htdocs\nuevo repositorio\produccionmarroquineria\vendor\laravel\framework\src\Illuminate\Validation\Validator.php(1053): Illuminate\Validation\DatabasePresenceVerifier->getCount('users', 'email', 'jhonfersteven@h...', NULL, NULL, Array)
#9 C:\xampp\htdocs\nuevo repositorio\produccionmarroquineria\vendor\laravel\framework\src\Illuminate\Validation\Validator.php(372): Illuminate\Validation\Validator->validateUnique('email', 'jhonfersteven@h...', Array, Object(Illuminate\Validation\Validator))
#10 C:\xampp\htdocs\nuevo repositorio\produccionmarroquineria\vendor\laravel\framework\src\Illuminate\Validation\Validator.php(325): Illuminate\Validation\Validator->validate('email', 'Unique')
#11 C:\xampp\htdocs\nuevo repositorio\produccionmarroquineria\vendor\laravel\framework\src\Illuminate\Validation\Validator.php(347): Illuminate\Validation\Validator->passes()
#12 C:\xampp\htdocs\nuevo repositorio\produccionmarroquineria\vendor\laravel\framework\src\Illuminate\Foundation\Auth\AuthenticatesAndRegistersUsers.php(43): Illuminate\Validation\Validator->fails()
#13 [internal function]: App\Http\Controllers\Auth\AuthController->postRegister(Object(Illuminate\Http\Request))
#14 C:\xampp\htdocs\nuevo repositorio\produccionmarroquineria\vendor\laravel\framework\src\Illuminate\Routing\Controller.php(246): call_user_func_array(Array, Array)
#15 C:\xampp\htdocs\nuevo repositorio\produccionmarroquineria\vendor\laravel\framework\src\Illuminate\Routing\ControllerDispatcher.php(162): Illuminate\Routing\Controller->callAction('postRegister', Array)
#16 C:\xampp\htdocs\nuevo repositorio\produccionmarroquineria\vendor\laravel\framework\src\Illuminate\Routing\ControllerDispatcher.php(107): Illuminate\Routing\ControllerDispatcher->call(Object(App\Http\Controllers\Auth\AuthController), Object(Illuminate\Routing\Route), 'postRegister')
#17 [internal function]: Illuminate\Routing\ControllerDispatcher->Illuminate\Routing\{closure}(Object(Illuminate\Http\Request))
#18 C:\xampp\htdocs\nuevo repositorio\produccionmarroquineria\vendor\laravel\framework\src\Illuminate\Pipeline\Pipeline.php(141): call_user_func(Object(Closure), Object(Illuminate\Http\Request))
#19 [internal function]: Illuminate\Pipeline\Pipeline->Illuminate\Pipeline\{closure}(Object(Illuminate\Http\Request))
#20 C:\xampp\htdocs\nuevo repositorio\produccionmarroquineria\vendor\laravel\framework\src\Illuminate\Pipeline\Pipeline.php(100): call_user_func(Object(Closure), Object(Illuminate\Http\Request))
#21 C:\xampp\htdocs\nuevo repositorio\produccionmarroquineria\vendor\laravel\framework\src\Illuminate\Routing\ControllerDispatcher.php(108): Illuminate\Pipeline\Pipeline->then(Object(Closure))
#22 C:\xampp\htdocs\nuevo repositorio\produccionmarroquineria\vendor\laravel\framework\src\Illuminate\Routing\ControllerDispatcher.php(65): Illuminate\Routing\ControllerDispatcher->callWithinStack(Object(App\Http\Controllers\Auth\AuthController), Object(Illuminate\Routing\Route), Object(Illuminate\Http\Request), 'postRegister')
#23 C:\xampp\htdocs\nuevo repositorio\produccionmarroquineria\vendor\laravel\framework\src\Illuminate\Routing\Route.php(204): Illuminate\Routing\ControllerDispatcher->dispatch(Object(Illuminate\Routing\Route), Object(Illuminate\Http\Request), 'App\\Http\\Contro...', 'postRegister')
#24 C:\xampp\htdocs\nuevo repositorio\produccionmarroquineria\vendor\laravel\framework\src\Illuminate\Routing\Route.php(134): Illuminate\Routing\Route->runWithCustomDispatcher(Object(Illuminate\Http\Request))
#25 C:\xampp\htdocs\nuevo repositorio\produccionmarroquineria\vendor\laravel\framework\src\Illuminate\Routing\Router.php(701): Illuminate\Routing\Route->run(Object(Illuminate\Http\Request))
#26 [internal function]: Illuminate\Routing\Router->Illuminate\Routing\{closure}(Object(Illuminate\Http\Request))
#27 C:\xampp\htdocs\nuevo repositorio\produccionmarroquineria\vendor\laravel\framework\src\Illuminate\Pipeline\Pipeline.php(141): call_user_func(Object(Closure), Object(Illuminate\Http\Request))
#28 [internal function]: Illuminate\Pipeline\Pipeline->Illuminate\Pipeline\{closure}(Object(Illuminate\Http\Request))
#29 C:\xampp\htdocs\nuevo repositorio\produccionmarroquineria\vendor\laravel\framework\src\Illuminate\Pipeline\Pipeline.php(100): call_user_func(Object(Closure), Object(Illuminate\Http\Request))
#30 C:\xampp\htdocs\nuevo repositorio\produccionmarroquineria\vendor\laravel\framework\src\Illuminate\Routing\Router.php(703): Illuminate\Pipeline\Pipeline->then(Object(Closure))
#31 C:\xampp\htdocs\nuevo repositorio\produccionmarroquineria\vendor\laravel\framework\src\Illuminate\Routing\Router.php(668): Illuminate\Routing\Router->runRouteWithinStack(Object(Illuminate\Routing\Route), Object(Illuminate\Http\Request))
#32 C:\xampp\htdocs\nuevo repositorio\produccionmarroquineria\vendor\laravel\framework\src\Illuminate\Routing\Router.php(628): Illuminate\Routing\Router->dispatchToRoute(Object(Illuminate\Http\Request))
#33 C:\xampp\htdocs\nuevo repositorio\produccionmarroquineria\vendor\laravel\framework\src\Illuminate\Foundation\Http\Kernel.php(214): Illuminate\Routing\Router->dispatch(Object(Illuminate\Http\Request))
#34 [internal function]: Illuminate\Foundation\Http\Kernel->Illuminate\Foundation\Http\{closure}(Object(Illuminate\Http\Request))
#35 C:\xampp\htdocs\nuevo repositorio\produccionmarroquineria\vendor\laravel\framework\src\Illuminate\Pipeline\Pipeline.php(141): call_user_func(Object(Closure), Object(Illuminate\Http\Request))
#36 C:\xampp\htdocs\nuevo repositorio\produccionmarroquineria\vendor\laravel\framework\src\Illuminate\Foundation\Http\Middleware\VerifyCsrfToken.php(43): Illuminate\Pipeline\Pipeline->Illuminate\Pipeline\{closure}(Object(Illuminate\Http\Request))
#37 C:\xampp\htdocs\nuevo repositorio\produccionmarroquineria\app\Http\Middleware\VerifyCsrfToken.php(17): Illuminate\Foundation\Http\Middleware\VerifyCsrfToken->handle(Object(Illuminate\Http\Request), Object(Closure))
#38 C:\xampp\htdocs\nuevo repositorio\produccionmarroquineria\vendor\laravel\framework\src\Illuminate\Pipeline\Pipeline.php(125): App\Http\Middleware\VerifyCsrfToken->handle(Object(Illuminate\Http\Request), Object(Closure))
#39 C:\xampp\htdocs\nuevo repositorio\produccionmarroquineria\vendor\laravel\framework\src\Illuminate\View\Middleware\ShareErrorsFromSession.php(55): Illuminate\Pipeline\Pipeline->Illuminate\Pipeline\{closure}(Object(Illuminate\Http\Request))
#40 C:\xampp\htdocs\nuevo repositorio\produccionmarroquineria\vendor\laravel\framework\src\Illuminate\Pipeline\Pipeline.php(125): Illuminate\View\Middleware\ShareErrorsFromSession->handle(Object(Illuminate\Http\Request), Object(Closure))
#41 C:\xampp\htdocs\nuevo repositorio\produccionmarroquineria\vendor\laravel\framework\src\Illuminate\Session\Middleware\StartSession.php(61): Illuminate\Pipeline\Pipeline->Illuminate\Pipeline\{closure}(Object(Illuminate\Http\Request))
#42 C:\xampp\htdocs\nuevo repositorio\produccionmarroquineria\vendor\laravel\framework\src\Illuminate\Pipeline\Pipeline.php(125): Illuminate\Session\Middleware\StartSession->handle(Object(Illuminate\Http\Request), Object(Closure))
#43 C:\xampp\htdocs\nuevo repositorio\produccionmarroquineria\vendor\laravel\framework\src\Illuminate\Cookie\Middleware\AddQueuedCookiesToResponse.php(36): Illuminate\Pipeline\Pipeline->Illuminate\Pipeline\{closure}(Object(Illuminate\Http\Request))
#44 C:\xampp\htdocs\nuevo repositorio\produccionmarroquineria\vendor\laravel\framework\src\Illuminate\Pipeline\Pipeline.php(125): Illuminate\Cookie\Middleware\AddQueuedCookiesToResponse->handle(Object(Illuminate\Http\Request), Object(Closure))
#45 C:\xampp\htdocs\nuevo repositorio\produccionmarroquineria\vendor\laravel\framework\src\Illuminate\Cookie\Middleware\EncryptCookies.php(40): Illuminate\Pipeline\Pipeline->Illuminate\Pipeline\{closure}(Object(Illuminate\Http\Request))
#46 C:\xampp\htdocs\nuevo repositorio\produccionmarroquineria\vendor\laravel\framework\src\Illuminate\Pipeline\Pipeline.php(125): Illuminate\Cookie\Middleware\EncryptCookies->handle(Object(Illuminate\Http\Request), Object(Closure))
#47 C:\xampp\htdocs\nuevo repositorio\produccionmarroquineria\vendor\laravel\framework\src\Illuminate\Foundation\Http\Middleware\CheckForMaintenanceMode.php(42): Illuminate\Pipeline\Pipeline->Illuminate\Pipeline\{closure}(Object(Illuminate\Http\Request))
#48 C:\xampp\htdocs\nuevo repositorio\produccionmarroquineria\vendor\laravel\framework\src\Illuminate\Pipeline\Pipeline.php(125): Illuminate\Foundation\Http\Middleware\CheckForMaintenanceMode->handle(Object(Illuminate\Http\Request), Object(Closure))
#49 [internal function]: Illuminate\Pipeline\Pipeline->Illuminate\Pipeline\{closure}(Object(Illuminate\Http\Request))
#50 C:\xampp\htdocs\nuevo repositorio\produccionmarroquineria\vendor\laravel\framework\src\Illuminate\Pipeline\Pipeline.php(100): call_user_func(Object(Closure), Object(Illuminate\Http\Request))
#51 C:\xampp\htdocs\nuevo repositorio\produccionmarroquineria\vendor\laravel\framework\src\Illuminate\Foundation\Http\Kernel.php(115): Illuminate\Pipeline\Pipeline->then(Object(Closure))
#52 C:\xampp\htdocs\nuevo repositorio\produccionmarroquineria\vendor\laravel\framework\src\Illuminate\Foundation\Http\Kernel.php(84): Illuminate\Foundation\Http\Kernel->sendRequestThroughRouter(Object(Illuminate\Http\Request))
#53 C:\xampp\htdocs\nuevo repositorio\produccionmarroquineria\public\index.php(52): Illuminate\Foundation\Http\Kernel->handle(Object(Illuminate\Http\Request))
#54 {main}  
[2016-08-05 04:25:57] local.ERROR: PDOException: SQLSTATE[42S02]: Base table or view not found: 1146 Table 'produccionmarroquineria.users' doesn't exist in C:\xampp\htdocs\nuevo repositorio\produccionmarroquineria\vendor\laravel\framework\src\Illuminate\Database\Connection.php:292
Stack trace:
#0 C:\xampp\htdocs\nuevo repositorio\produccionmarroquineria\vendor\laravel\framework\src\Illuminate\Database\Connection.php(292): PDO->prepare('select count(*)...')
#1 C:\xampp\htdocs\nuevo repositorio\produccionmarroquineria\vendor\laravel\framework\src\Illuminate\Database\Connection.php(616): Illuminate\Database\Connection->Illuminate\Database\{closure}(Object(Illuminate\Database\MySqlConnection), 'select count(*)...', Array)
#2 C:\xampp\htdocs\nuevo repositorio\produccionmarroquineria\vendor\laravel\framework\src\Illuminate\Database\Connection.php(580): Illuminate\Database\Connection->runQueryCallback('select count(*)...', Array, Object(Closure))
#3 C:\xampp\htdocs\nuevo repositorio\produccionmarroquineria\vendor\laravel\framework\src\Illuminate\Database\Connection.php(297): Illuminate\Database\Connection->run('select count(*)...', Array, Object(Closure))
#4 C:\xampp\htdocs\nuevo repositorio\produccionmarroquineria\vendor\laravel\framework\src\Illuminate\Database\Query\Builder.php(1377): Illuminate\Database\Connection->select('select count(*)...', Array, true)
#5 C:\xampp\htdocs\nuevo repositorio\produccionmarroquineria\vendor\laravel\framework\src\Illuminate\Database\Query\Builder.php(1367): Illuminate\Database\Query\Builder->runSelect()
#6 C:\xampp\htdocs\nuevo repositorio\produccionmarroquineria\vendor\laravel\framework\src\Illuminate\Database\Query\Builder.php(1354): Illuminate\Database\Query\Builder->getFresh(Array)
#7 C:\xampp\htdocs\nuevo repositorio\produccionmarroquineria\vendor\laravel\framework\src\Illuminate\Database\Query\Builder.php(1643): Illuminate\Database\Query\Builder->get(Array)
#8 C:\xampp\htdocs\nuevo repositorio\produccionmarroquineria\vendor\laravel\framework\src\Illuminate\Database\Query\Builder.php(1581): Illuminate\Database\Query\Builder->aggregate('count', Array)
#9 C:\xampp\htdocs\nuevo repositorio\produccionmarroquineria\vendor\laravel\framework\src\Illuminate\Validation\DatabasePresenceVerifier.php(57): Illuminate\Database\Query\Builder->count()
#10 C:\xampp\htdocs\nuevo repositorio\produccionmarroquineria\vendor\laravel\framework\src\Illuminate\Validation\Validator.php(1053): Illuminate\Validation\DatabasePresenceVerifier->getCount('users', 'email', 'jhonfersteven@h...', NULL, NULL, Array)
#11 C:\xampp\htdocs\nuevo repositorio\produccionmarroquineria\vendor\laravel\framework\src\Illuminate\Validation\Validator.php(372): Illuminate\Validation\Validator->validateUnique('email', 'jhonfersteven@h...', Array, Object(Illuminate\Validation\Validator))
#12 C:\xampp\htdocs\nuevo repositorio\produccionmarroquineria\vendor\laravel\framework\src\Illuminate\Validation\Validator.php(325): Illuminate\Validation\Validator->validate('email', 'Unique')
#13 C:\xampp\htdocs\nuevo repositorio\produccionmarroquineria\vendor\laravel\framework\src\Illuminate\Validation\Validator.php(347): Illuminate\Validation\Validator->passes()
#14 C:\xampp\htdocs\nuevo repositorio\produccionmarroquineria\vendor\laravel\framework\src\Illuminate\Foundation\Auth\AuthenticatesAndRegistersUsers.php(43): Illuminate\Validation\Validator->fails()
#15 [internal function]: App\Http\Controllers\Auth\AuthController->postRegister(Object(Illuminate\Http\Request))
#16 C:\xampp\htdocs\nuevo repositorio\produccionmarroquineria\vendor\laravel\framework\src\Illuminate\Routing\Controller.php(246): call_user_func_array(Array, Array)
#17 C:\xampp\htdocs\nuevo repositorio\produccionmarroquineria\vendor\laravel\framework\src\Illuminate\Routing\ControllerDispatcher.php(162): Illuminate\Routing\Controller->callAction('postRegister', Array)
#18 C:\xampp\htdocs\nuevo repositorio\produccionmarroquineria\vendor\laravel\framework\src\Illuminate\Routing\ControllerDispatcher.php(107): Illuminate\Routing\ControllerDispatcher->call(Object(App\Http\Controllers\Auth\AuthController), Object(Illuminate\Routing\Route), 'postRegister')
#19 [internal function]: Illuminate\Routing\ControllerDispatcher->Illuminate\Routing\{closure}(Object(Illuminate\Http\Request))
#20 C:\xampp\htdocs\nuevo repositorio\produccionmarroquineria\vendor\laravel\framework\src\Illuminate\Pipeline\Pipeline.php(141): call_user_func(Object(Closure), Object(Illuminate\Http\Request))
#21 [internal function]: Illuminate\Pipeline\Pipeline->Illuminate\Pipeline\{closure}(Object(Illuminate\Http\Request))
#22 C:\xampp\htdocs\nuevo repositorio\produccionmarroquineria\vendor\laravel\framework\src\Illuminate\Pipeline\Pipeline.php(100): call_user_func(Object(Closure), Object(Illuminate\Http\Request))
#23 C:\xampp\htdocs\nuevo repositorio\produccionmarroquineria\vendor\laravel\framework\src\Illuminate\Routing\ControllerDispatcher.php(108): Illuminate\Pipeline\Pipeline->then(Object(Closure))
#24 C:\xampp\htdocs\nuevo repositorio\produccionmarroquineria\vendor\laravel\framework\src\Illuminate\Routing\ControllerDispatcher.php(65): Illuminate\Routing\ControllerDispatcher->callWithinStack(Object(App\Http\Controllers\Auth\AuthController), Object(Illuminate\Routing\Route), Object(Illuminate\Http\Request), 'postRegister')
#25 C:\xampp\htdocs\nuevo repositorio\produccionmarroquineria\vendor\laravel\framework\src\Illuminate\Routing\Route.php(204): Illuminate\Routing\ControllerDispatcher->dispatch(Object(Illuminate\Routing\Route), Object(Illuminate\Http\Request), 'App\\Http\\Contro...', 'postRegister')
#26 C:\xampp\htdocs\nuevo repositorio\produccionmarroquineria\vendor\laravel\framework\src\Illuminate\Routing\Route.php(134): Illuminate\Routing\Route->runWithCustomDispatcher(Object(Illuminate\Http\Request))
#27 C:\xampp\htdocs\nuevo repositorio\produccionmarroquineria\vendor\laravel\framework\src\Illuminate\Routing\Router.php(701): Illuminate\Routing\Route->run(Object(Illuminate\Http\Request))
#28 [internal function]: Illuminate\Routing\Router->Illuminate\Routing\{closure}(Object(Illuminate\Http\Request))
#29 C:\xampp\htdocs\nuevo repositorio\produccionmarroquineria\vendor\laravel\framework\src\Illuminate\Pipeline\Pipeline.php(141): call_user_func(Object(Closure), Object(Illuminate\Http\Request))
#30 [internal function]: Illuminate\Pipeline\Pipeline->Illuminate\Pipeline\{closure}(Object(Illuminate\Http\Request))
#31 C:\xampp\htdocs\nuevo repositorio\produccionmarroquineria\vendor\laravel\framework\src\Illuminate\Pipeline\Pipeline.php(100): call_user_func(Object(Closure), Object(Illuminate\Http\Request))
#32 C:\xampp\htdocs\nuevo repositorio\produccionmarroquineria\vendor\laravel\framework\src\Illuminate\Routing\Router.php(703): Illuminate\Pipeline\Pipeline->then(Object(Closure))
#33 C:\xampp\htdocs\nuevo repositorio\produccionmarroquineria\vendor\laravel\framework\src\Illuminate\Routing\Router.php(668): Illuminate\Routing\Router->runRouteWithinStack(Object(Illuminate\Routing\Route), Object(Illuminate\Http\Request))
#34 C:\xampp\htdocs\nuevo repositorio\produccionmarroquineria\vendor\laravel\framework\src\Illuminate\Routing\Router.php(628): Illuminate\Routing\Router->dispatchToRoute(Object(Illuminate\Http\Request))
#35 C:\xampp\htdocs\nuevo repositorio\produccionmarroquineria\vendor\laravel\framework\src\Illuminate\Foundation\Http\Kernel.php(214): Illuminate\Routing\Router->dispatch(Object(Illuminate\Http\Request))
#36 [internal function]: Illuminate\Foundation\Http\Kernel->Illuminate\Foundation\Http\{closure}(Object(Illuminate\Http\Request))
#37 C:\xampp\htdocs\nuevo repositorio\produccionmarroquineria\vendor\laravel\framework\src\Illuminate\Pipeline\Pipeline.php(141): call_user_func(Object(Closure), Object(Illuminate\Http\Request))
#38 C:\xampp\htdocs\nuevo repositorio\produccionmarroquineria\vendor\laravel\framework\src\Illuminate\Foundation\Http\Middleware\VerifyCsrfToken.php(43): Illuminate\Pipeline\Pipeline->Illuminate\Pipeline\{closure}(Object(Illuminate\Http\Request))
#39 C:\xampp\htdocs\nuevo repositorio\produccionmarroquineria\app\Http\Middleware\VerifyCsrfToken.php(17): Illuminate\Foundation\Http\Middleware\VerifyCsrfToken->handle(Object(Illuminate\Http\Request), Object(Closure))
#40 C:\xampp\htdocs\nuevo repositorio\produccionmarroquineria\vendor\laravel\framework\src\Illuminate\Pipeline\Pipeline.php(125): App\Http\Middleware\VerifyCsrfToken->handle(Object(Illuminate\Http\Request), Object(Closure))
#41 C:\xampp\htdocs\nuevo repositorio\produccionmarroquineria\vendor\laravel\framework\src\Illuminate\View\Middleware\ShareErrorsFromSession.php(55): Illuminate\Pipeline\Pipeline->Illuminate\Pipeline\{closure}(Object(Illuminate\Http\Request))
#42 C:\xampp\htdocs\nuevo repositorio\produccionmarroquineria\vendor\laravel\framework\src\Illuminate\Pipeline\Pipeline.php(125): Illuminate\View\Middleware\ShareErrorsFromSession->handle(Object(Illuminate\Http\Request), Object(Closure))
#43 C:\xampp\htdocs\nuevo repositorio\produccionmarroquineria\vendor\laravel\framework\src\Illuminate\Session\Middleware\StartSession.php(61): Illuminate\Pipeline\Pipeline->Illuminate\Pipeline\{closure}(Object(Illuminate\Http\Request))
#44 C:\xampp\htdocs\nuevo repositorio\produccionmarroquineria\vendor\laravel\framework\src\Illuminate\Pipeline\Pipeline.php(125): Illuminate\Session\Middleware\StartSession->handle(Object(Illuminate\Http\Request), Object(Closure))
#45 C:\xampp\htdocs\nuevo repositorio\produccionmarroquineria\vendor\laravel\framework\src\Illuminate\Cookie\Middleware\AddQueuedCookiesToResponse.php(36): Illuminate\Pipeline\Pipeline->Illuminate\Pipeline\{closure}(Object(Illuminate\Http\Request))
#46 C:\xampp\htdocs\nuevo repositorio\produccionmarroquineria\vendor\laravel\framework\src\Illuminate\Pipeline\Pipeline.php(125): Illuminate\Cookie\Middleware\AddQueuedCookiesToResponse->handle(Object(Illuminate\Http\Request), Object(Closure))
#47 C:\xampp\htdocs\nuevo repositorio\produccionmarroquineria\vendor\laravel\framework\src\Illuminate\Cookie\Middleware\EncryptCookies.php(40): Illuminate\Pipeline\Pipeline->Illuminate\Pipeline\{closure}(Object(Illuminate\Http\Request))
#48 C:\xampp\htdocs\nuevo repositorio\produccionmarroquineria\vendor\laravel\framework\src\Illuminate\Pipeline\Pipeline.php(125): Illuminate\Cookie\Middleware\EncryptCookies->handle(Object(Illuminate\Http\Request), Object(Closure))
#49 C:\xampp\htdocs\nuevo repositorio\produccionmarroquineria\vendor\laravel\framework\src\Illuminate\Foundation\Http\Middleware\CheckForMaintenanceMode.php(42): Illuminate\Pipeline\Pipeline->Illuminate\Pipeline\{closure}(Object(Illuminate\Http\Request))
#50 C:\xampp\htdocs\nuevo repositorio\produccionmarroquineria\vendor\laravel\framework\src\Illuminate\Pipeline\Pipeline.php(125): Illuminate\Foundation\Http\Middleware\CheckForMaintenanceMode->handle(Object(Illuminate\Http\Request), Object(Closure))
#51 [internal function]: Illuminate\Pipeline\Pipeline->Illuminate\Pipeline\{closure}(Object(Illuminate\Http\Request))
#52 C:\xampp\htdocs\nuevo repositorio\produccionmarroquineria\vendor\laravel\framework\src\Illuminate\Pipeline\Pipeline.php(100): call_user_func(Object(Closure), Object(Illuminate\Http\Request))
#53 C:\xampp\htdocs\nuevo repositorio\produccionmarroquineria\vendor\laravel\framework\src\Illuminate\Foundation\Http\Kernel.php(115): Illuminate\Pipeline\Pipeline->then(Object(Closure))
#54 C:\xampp\htdocs\nuevo repositorio\produccionmarroquineria\vendor\laravel\framework\src\Illuminate\Foundation\Http\Kernel.php(84): Illuminate\Foundation\Http\Kernel->sendRequestThroughRouter(Object(Illuminate\Http\Request))
#55 C:\xampp\htdocs\nuevo repositorio\produccionmarroquineria\public\index.php(52): Illuminate\Foundation\Http\Kernel->handle(Object(Illuminate\Http\Request))
#56 {main}

Next Illuminate\Database\QueryException: SQLSTATE[42S02]: Base table or view not found: 1146 Table 'produccionmarroquineria.users' doesn't exist (SQL: select count(*) as aggregate from `users` where `email` = jhonfersteven@hotmail.com) in C:\xampp\htdocs\nuevo repositorio\produccionmarroquineria\vendor\laravel\framework\src\Illuminate\Database\Connection.php:624
Stack trace:
#0 C:\xampp\htdocs\nuevo repositorio\produccionmarroquineria\vendor\laravel\framework\src\Illuminate\Database\Connection.php(580): Illuminate\Database\Connection->runQueryCallback('select count(*)...', Array, Object(Closure))
#1 C:\xampp\htdocs\nuevo repositorio\produccionmarroquineria\vendor\laravel\framework\src\Illuminate\Database\Connection.php(297): Illuminate\Database\Connection->run('select count(*)...', Array, Object(Closure))
#2 C:\xampp\htdocs\nuevo repositorio\produccionmarroquineria\vendor\laravel\framework\src\Illuminate\Database\Query\Builder.php(1377): Illuminate\Database\Connection->select('select count(*)...', Array, true)
#3 C:\xampp\htdocs\nuevo repositorio\produccionmarroquineria\vendor\laravel\framework\src\Illuminate\Database\Query\Builder.php(1367): Illuminate\Database\Query\Builder->runSelect()
#4 C:\xampp\htdocs\nuevo repositorio\produccionmarroquineria\vendor\laravel\framework\src\Illuminate\Database\Query\Builder.php(1354): Illuminate\Database\Query\Builder->getFresh(Array)
#5 C:\xampp\htdocs\nuevo repositorio\produccionmarroquineria\vendor\laravel\framework\src\Illuminate\Database\Query\Builder.php(1643): Illuminate\Database\Query\Builder->get(Array)
#6 C:\xampp\htdocs\nuevo repositorio\produccionmarroquineria\vendor\laravel\framework\src\Illuminate\Database\Query\Builder.php(1581): Illuminate\Database\Query\Builder->aggregate('count', Array)
#7 C:\xampp\htdocs\nuevo repositorio\produccionmarroquineria\vendor\laravel\framework\src\Illuminate\Validation\DatabasePresenceVerifier.php(57): Illuminate\Database\Query\Builder->count()
#8 C:\xampp\htdocs\nuevo repositorio\produccionmarroquineria\vendor\laravel\framework\src\Illuminate\Validation\Validator.php(1053): Illuminate\Validation\DatabasePresenceVerifier->getCount('users', 'email', 'jhonfersteven@h...', NULL, NULL, Array)
#9 C:\xampp\htdocs\nuevo repositorio\produccionmarroquineria\vendor\laravel\framework\src\Illuminate\Validation\Validator.php(372): Illuminate\Validation\Validator->validateUnique('email', 'jhonfersteven@h...', Array, Object(Illuminate\Validation\Validator))
#10 C:\xampp\htdocs\nuevo repositorio\produccionmarroquineria\vendor\laravel\framework\src\Illuminate\Validation\Validator.php(325): Illuminate\Validation\Validator->validate('email', 'Unique')
#11 C:\xampp\htdocs\nuevo repositorio\produccionmarroquineria\vendor\laravel\framework\src\Illuminate\Validation\Validator.php(347): Illuminate\Validation\Validator->passes()
#12 C:\xampp\htdocs\nuevo repositorio\produccionmarroquineria\vendor\laravel\framework\src\Illuminate\Foundation\Auth\AuthenticatesAndRegistersUsers.php(43): Illuminate\Validation\Validator->fails()
#13 [internal function]: App\Http\Controllers\Auth\AuthController->postRegister(Object(Illuminate\Http\Request))
#14 C:\xampp\htdocs\nuevo repositorio\produccionmarroquineria\vendor\laravel\framework\src\Illuminate\Routing\Controller.php(246): call_user_func_array(Array, Array)
#15 C:\xampp\htdocs\nuevo repositorio\produccionmarroquineria\vendor\laravel\framework\src\Illuminate\Routing\ControllerDispatcher.php(162): Illuminate\Routing\Controller->callAction('postRegister', Array)
#16 C:\xampp\htdocs\nuevo repositorio\produccionmarroquineria\vendor\laravel\framework\src\Illuminate\Routing\ControllerDispatcher.php(107): Illuminate\Routing\ControllerDispatcher->call(Object(App\Http\Controllers\Auth\AuthController), Object(Illuminate\Routing\Route), 'postRegister')
#17 [internal function]: Illuminate\Routing\ControllerDispatcher->Illuminate\Routing\{closure}(Object(Illuminate\Http\Request))
#18 C:\xampp\htdocs\nuevo repositorio\produccionmarroquineria\vendor\laravel\framework\src\Illuminate\Pipeline\Pipeline.php(141): call_user_func(Object(Closure), Object(Illuminate\Http\Request))
#19 [internal function]: Illuminate\Pipeline\Pipeline->Illuminate\Pipeline\{closure}(Object(Illuminate\Http\Request))
#20 C:\xampp\htdocs\nuevo repositorio\produccionmarroquineria\vendor\laravel\framework\src\Illuminate\Pipeline\Pipeline.php(100): call_user_func(Object(Closure), Object(Illuminate\Http\Request))
#21 C:\xampp\htdocs\nuevo repositorio\produccionmarroquineria\vendor\laravel\framework\src\Illuminate\Routing\ControllerDispatcher.php(108): Illuminate\Pipeline\Pipeline->then(Object(Closure))
#22 C:\xampp\htdocs\nuevo repositorio\produccionmarroquineria\vendor\laravel\framework\src\Illuminate\Routing\ControllerDispatcher.php(65): Illuminate\Routing\ControllerDispatcher->callWithinStack(Object(App\Http\Controllers\Auth\AuthController), Object(Illuminate\Routing\Route), Object(Illuminate\Http\Request), 'postRegister')
#23 C:\xampp\htdocs\nuevo repositorio\produccionmarroquineria\vendor\laravel\framework\src\Illuminate\Routing\Route.php(204): Illuminate\Routing\ControllerDispatcher->dispatch(Object(Illuminate\Routing\Route), Object(Illuminate\Http\Request), 'App\\Http\\Contro...', 'postRegister')
#24 C:\xampp\htdocs\nuevo repositorio\produccionmarroquineria\vendor\laravel\framework\src\Illuminate\Routing\Route.php(134): Illuminate\Routing\Route->runWithCustomDispatcher(Object(Illuminate\Http\Request))
#25 C:\xampp\htdocs\nuevo repositorio\produccionmarroquineria\vendor\laravel\framework\src\Illuminate\Routing\Router.php(701): Illuminate\Routing\Route->run(Object(Illuminate\Http\Request))
#26 [internal function]: Illuminate\Routing\Router->Illuminate\Routing\{closure}(Object(Illuminate\Http\Request))
#27 C:\xampp\htdocs\nuevo repositorio\produccionmarroquineria\vendor\laravel\framework\src\Illuminate\Pipeline\Pipeline.php(141): call_user_func(Object(Closure), Object(Illuminate\Http\Request))
#28 [internal function]: Illuminate\Pipeline\Pipeline->Illuminate\Pipeline\{closure}(Object(Illuminate\Http\Request))
#29 C:\xampp\htdocs\nuevo repositorio\produccionmarroquineria\vendor\laravel\framework\src\Illuminate\Pipeline\Pipeline.php(100): call_user_func(Object(Closure), Object(Illuminate\Http\Request))
#30 C:\xampp\htdocs\nuevo repositorio\produccionmarroquineria\vendor\laravel\framework\src\Illuminate\Routing\Router.php(703): Illuminate\Pipeline\Pipeline->then(Object(Closure))
#31 C:\xampp\htdocs\nuevo repositorio\produccionmarroquineria\vendor\laravel\framework\src\Illuminate\Routing\Router.php(668): Illuminate\Routing\Router->runRouteWithinStack(Object(Illuminate\Routing\Route), Object(Illuminate\Http\Request))
#32 C:\xampp\htdocs\nuevo repositorio\produccionmarroquineria\vendor\laravel\framework\src\Illuminate\Routing\Router.php(628): Illuminate\Routing\Router->dispatchToRoute(Object(Illuminate\Http\Request))
#33 C:\xampp\htdocs\nuevo repositorio\produccionmarroquineria\vendor\laravel\framework\src\Illuminate\Foundation\Http\Kernel.php(214): Illuminate\Routing\Router->dispatch(Object(Illuminate\Http\Request))
#34 [internal function]: Illuminate\Foundation\Http\Kernel->Illuminate\Foundation\Http\{closure}(Object(Illuminate\Http\Request))
#35 C:\xampp\htdocs\nuevo repositorio\produccionmarroquineria\vendor\laravel\framework\src\Illuminate\Pipeline\Pipeline.php(141): call_user_func(Object(Closure), Object(Illuminate\Http\Request))
#36 C:\xampp\htdocs\nuevo repositorio\produccionmarroquineria\vendor\laravel\framework\src\Illuminate\Foundation\Http\Middleware\VerifyCsrfToken.php(43): Illuminate\Pipeline\Pipeline->Illuminate\Pipeline\{closure}(Object(Illuminate\Http\Request))
#37 C:\xampp\htdocs\nuevo repositorio\produccionmarroquineria\app\Http\Middleware\VerifyCsrfToken.php(17): Illuminate\Foundation\Http\Middleware\VerifyCsrfToken->handle(Object(Illuminate\Http\Request), Object(Closure))
#38 C:\xampp\htdocs\nuevo repositorio\produccionmarroquineria\vendor\laravel\framework\src\Illuminate\Pipeline\Pipeline.php(125): App\Http\Middleware\VerifyCsrfToken->handle(Object(Illuminate\Http\Request), Object(Closure))
#39 C:\xampp\htdocs\nuevo repositorio\produccionmarroquineria\vendor\laravel\framework\src\Illuminate\View\Middleware\ShareErrorsFromSession.php(55): Illuminate\Pipeline\Pipeline->Illuminate\Pipeline\{closure}(Object(Illuminate\Http\Request))
#40 C:\xampp\htdocs\nuevo repositorio\produccionmarroquineria\vendor\laravel\framework\src\Illuminate\Pipeline\Pipeline.php(125): Illuminate\View\Middleware\ShareErrorsFromSession->handle(Object(Illuminate\Http\Request), Object(Closure))
#41 C:\xampp\htdocs\nuevo repositorio\produccionmarroquineria\vendor\laravel\framework\src\Illuminate\Session\Middleware\StartSession.php(61): Illuminate\Pipeline\Pipeline->Illuminate\Pipeline\{closure}(Object(Illuminate\Http\Request))
#42 C:\xampp\htdocs\nuevo repositorio\produccionmarroquineria\vendor\laravel\framework\src\Illuminate\Pipeline\Pipeline.php(125): Illuminate\Session\Middleware\StartSession->handle(Object(Illuminate\Http\Request), Object(Closure))
#43 C:\xampp\htdocs\nuevo repositorio\produccionmarroquineria\vendor\laravel\framework\src\Illuminate\Cookie\Middleware\AddQueuedCookiesToResponse.php(36): Illuminate\Pipeline\Pipeline->Illuminate\Pipeline\{closure}(Object(Illuminate\Http\Request))
#44 C:\xampp\htdocs\nuevo repositorio\produccionmarroquineria\vendor\laravel\framework\src\Illuminate\Pipeline\Pipeline.php(125): Illuminate\Cookie\Middleware\AddQueuedCookiesToResponse->handle(Object(Illuminate\Http\Request), Object(Closure))
#45 C:\xampp\htdocs\nuevo repositorio\produccionmarroquineria\vendor\laravel\framework\src\Illuminate\Cookie\Middleware\EncryptCookies.php(40): Illuminate\Pipeline\Pipeline->Illuminate\Pipeline\{closure}(Object(Illuminate\Http\Request))
#46 C:\xampp\htdocs\nuevo repositorio\produccionmarroquineria\vendor\laravel\framework\src\Illuminate\Pipeline\Pipeline.php(125): Illuminate\Cookie\Middleware\EncryptCookies->handle(Object(Illuminate\Http\Request), Object(Closure))
#47 C:\xampp\htdocs\nuevo repositorio\produccionmarroquineria\vendor\laravel\framework\src\Illuminate\Foundation\Http\Middleware\CheckForMaintenanceMode.php(42): Illuminate\Pipeline\Pipeline->Illuminate\Pipeline\{closure}(Object(Illuminate\Http\Request))
#48 C:\xampp\htdocs\nuevo repositorio\produccionmarroquineria\vendor\laravel\framework\src\Illuminate\Pipeline\Pipeline.php(125): Illuminate\Foundation\Http\Middleware\CheckForMaintenanceMode->handle(Object(Illuminate\Http\Request), Object(Closure))
#49 [internal function]: Illuminate\Pipeline\Pipeline->Illuminate\Pipeline\{closure}(Object(Illuminate\Http\Request))
#50 C:\xampp\htdocs\nuevo repositorio\produccionmarroquineria\vendor\laravel\framework\src\Illuminate\Pipeline\Pipeline.php(100): call_user_func(Object(Closure), Object(Illuminate\Http\Request))
#51 C:\xampp\htdocs\nuevo repositorio\produccionmarroquineria\vendor\laravel\framework\src\Illuminate\Foundation\Http\Kernel.php(115): Illuminate\Pipeline\Pipeline->then(Object(Closure))
#52 C:\xampp\htdocs\nuevo repositorio\produccionmarroquineria\vendor\laravel\framework\src\Illuminate\Foundation\Http\Kernel.php(84): Illuminate\Foundation\Http\Kernel->sendRequestThroughRouter(Object(Illuminate\Http\Request))
#53 C:\xampp\htdocs\nuevo repositorio\produccionmarroquineria\public\index.php(52): Illuminate\Foundation\Http\Kernel->handle(Object(Illuminate\Http\Request))
#54 {main}  
